0 verbose cli C:\Program Files\nodejs\node.exe C:\Users\ihebc\AppData\Roaming\npm\node_modules\npm\bin\npm-cli.js
1 info using npm@10.6.0
2 info using node@v20.14.0
3 silly config:load:file:C:\Users\ihebc\AppData\Roaming\npm\node_modules\npm\npmrc
4 silly config:load:file:C:\Users\ihebc\OneDrive\Desktop\psy\drpsy\.npmrc
5 silly config:load:file:C:\Users\ihebc\.npmrc
6 silly config:load:file:C:\Users\ihebc\AppData\Roaming\npm\etc\npmrc
7 verbose title npm install librebaby
8 verbose argv "install" "librebaby"
9 verbose logfile logs-max:10 dir:C:\Users\ihebc\OneDrive\Desktop\psy\drpsy\clean\_logs\2024-10-27T10_20_12_559Z-
10 verbose logfile C:\Users\ihebc\OneDrive\Desktop\psy\drpsy\clean\_logs\2024-10-27T10_20_12_559Z-debug-0.log
11 silly logfile start cleaning logs, removing 1 files
12 silly logfile done cleaning log files
13 silly idealTree buildDeps
14 silly fetch manifest librebaby@*
15 verbose shrinkwrap failed to load node_modules/.package-lock.json out of date, updated: node_modules
16 http fetch GET 404 https://registry.npmjs.org/librebaby 1125ms (cache skip)
17 silly placeDep ROOT librebaby@ OK for: drpsy@0.1.0 want: *
18 verbose stack HttpErrorGeneral: 404 Not Found - GET https://registry.npmjs.org/librebaby - Not found
18 verbose stack     at C:\Users\ihebc\AppData\Roaming\npm\node_modules\npm\node_modules\npm-registry-fetch\lib\check-response.js:95:15
18 verbose stack     at process.processTicksAndRejections (node:internal/process/task_queues:95:5)
18 verbose stack     at async RegistryFetcher.packument (C:\Users\ihebc\AppData\Roaming\npm\node_modules\npm\node_modules\pacote\lib\registry.js:91:19)
18 verbose stack     at async RegistryFetcher.manifest (C:\Users\ihebc\AppData\Roaming\npm\node_modules\npm\node_modules\pacote\lib\registry.js:129:23)
18 verbose stack     at async #nodeFromEdge (C:\Users\ihebc\AppData\Roaming\npm\node_modules\npm\node_modules\@npmcli\arborist\lib\arborist\build-ideal-tree.js:1055:19)
18 verbose stack     at async #buildDepStep (C:\Users\ihebc\AppData\Roaming\npm\node_modules\npm\node_modules\@npmcli\arborist\lib\arborist\build-ideal-tree.js:923:11)
18 verbose stack     at async Arborist.buildIdealTree (C:\Users\ihebc\AppData\Roaming\npm\node_modules\npm\node_modules\@npmcli\arborist\lib\arborist\build-ideal-tree.js:203:7)
18 verbose stack     at async Promise.all (index 1)
18 verbose stack     at async Arborist.reify (C:\Users\ihebc\AppData\Roaming\npm\node_modules\npm\node_modules\@npmcli\arborist\lib\arborist\reify.js:154:5)
18 verbose stack     at async Install.exec (C:\Users\ihebc\AppData\Roaming\npm\node_modules\npm\lib\commands\install.js:150:5)
19 verbose statusCode 404
20 verbose pkgid librebaby@*
21 verbose cwd C:\Users\ihebc\OneDrive\Desktop\psy\drpsy
22 verbose Windows_NT 10.0.22631
23 verbose node v20.14.0
24 verbose npm  v10.6.0
25 error code E404
26 error 404 Not Found - GET https://registry.npmjs.org/librebaby - Not found
27 error 404
28 error 404  'librebaby@*' is not in this registry.
29 error 404
29 error 404 Note that you can also install from a
30 error 404 tarball, folder, http url, or git url.
31 verbose exit 1
32 verbose code 1
33 silly unfinished npm timer reify 1730024413006
34 silly unfinished npm timer reify:loadTrees 1730024413009
35 error A complete log of this run can be found in: C:\Users\ihebc\OneDrive\Desktop\psy\drpsy\clean\_logs\2024-10-27T10_20_12_559Z-debug-0.log
