0 verbose cli C:\Program Files\nodejs\node.exe C:\Users\ihebc\AppData\Roaming\npm\node_modules\npm\bin\npm-cli.js
1 info using npm@10.6.0
2 info using node@v20.14.0
3 silly config:load:file:C:\Users\ihebc\AppData\Roaming\npm\node_modules\npm\npmrc
4 silly config:load:file:C:\Users\ihebc\OneDrive\Desktop\psy\drpsy\.npmrc
5 silly config:load:file:C:\Users\ihebc\.npmrc
6 silly config:load:file:C:\Users\ihebc\AppData\Roaming\npm\etc\npmrc
7 verbose title npm install @mui/material @emotion/react @emotion/styled
8 verbose argv "install" "@mui/material" "@emotion/react" "@emotion/styled"
9 verbose logfile logs-max:10 dir:C:\Users\ihebc\OneDrive\Desktop\psy\drpsy\clean\_logs\2024-10-27T20_48_45_887Z-
10 verbose logfile C:\Users\ihebc\OneDrive\Desktop\psy\drpsy\clean\_logs\2024-10-27T20_48_45_887Z-debug-0.log
11 silly logfile start cleaning logs, removing 1 files
12 silly logfile done cleaning log files
13 silly idealTree buildDeps
14 silly fetch manifest @mui/material@*
15 http fetch GET 200 https://registry.npmjs.org/@mui%2fmaterial 649ms (cache miss)
16 silly fetch manifest @emotion/react@*
17 http fetch GET 200 https://registry.npmjs.org/@emotion%2freact 90ms (cache miss)
18 silly fetch manifest @emotion/styled@*
19 http fetch GET 200 https://registry.npmjs.org/@emotion%2fstyled 99ms (cache miss)
20 silly placeDep ROOT @emotion/react@11.13.3 OK for: drpsy@0.1.0 want: *
21 silly placeDep ROOT @emotion/styled@11.13.0 OK for: drpsy@0.1.0 want: *
22 silly placeDep ROOT @mui/material@6.1.5 OK for: drpsy@0.1.0 want: *
23 silly fetch manifest @emotion/babel-plugin@^11.12.0
24 silly fetch manifest @emotion/cache@^11.13.0
25 silly fetch manifest @emotion/serialize@^1.3.1
26 silly fetch manifest @emotion/use-insertion-effect-with-fallbacks@^1.1.0
27 silly fetch manifest @emotion/utils@^1.4.0
28 silly fetch manifest @emotion/weak-memoize@^0.4.0
29 silly fetch manifest hoist-non-react-statics@^3.3.1
30 http fetch GET 200 https://registry.npmjs.org/@emotion%2fbabel-plugin 132ms (cache miss)
31 silly fetch manifest @emotion/is-prop-valid@^1.3.0
32 http fetch GET 200 https://registry.npmjs.org/hoist-non-react-statics 144ms (cache miss)
33 silly fetch manifest @emotion/serialize@^1.3.0
34 http fetch GET 200 https://registry.npmjs.org/@emotion%2fuse-insertion-effect-with-fallbacks 180ms (cache miss)
35 http fetch GET 200 https://registry.npmjs.org/@emotion%2futils 194ms (cache miss)
36 silly fetch manifest @popperjs/core@^2.11.8
37 silly fetch manifest @types/react-transition-group@^4.4.11
38 http fetch GET 200 https://registry.npmjs.org/@emotion%2fcache 201ms (cache miss)
39 silly fetch manifest clsx@^2.1.1
40 http fetch GET 200 https://registry.npmjs.org/@emotion%2fserialize 219ms (cache miss)
41 silly fetch manifest react-is@^18.3.1
42 http fetch GET 200 https://registry.npmjs.org/@emotion%2fweak-memoize 223ms (cache miss)
43 silly fetch manifest react-transition-group@^4.4.5
44 http fetch GET 200 https://registry.npmjs.org/clsx 69ms (cache miss)
45 silly fetch manifest @mui/core-downloads-tracker@^6.1.5
46 http fetch GET 200 https://registry.npmjs.org/@emotion%2fserialize 208ms (cache miss)
47 silly fetch manifest @mui/system@^6.1.5
48 http fetch GET 200 https://registry.npmjs.org/react-transition-group 171ms (cache miss)
49 silly fetch manifest @mui/types@^7.2.18
50 http fetch GET 200 https://registry.npmjs.org/@emotion%2fis-prop-valid 272ms (cache miss)
51 silly fetch manifest @mui/utils@^6.1.5
52 http fetch GET 200 https://registry.npmjs.org/@types%2freact-transition-group 248ms (cache miss)
53 http fetch GET 200 https://registry.npmjs.org/@mui%2futils 252ms (cache miss)
54 http fetch GET 200 https://registry.npmjs.org/@popperjs%2fcore 472ms (cache miss)
55 http fetch GET 200 https://registry.npmjs.org/@mui%2fcore-downloads-tracker 404ms (cache miss)
56 http fetch GET 200 https://registry.npmjs.org/@mui%2ftypes 282ms (cache miss)
57 http fetch GET 200 https://registry.npmjs.org/@mui%2fsystem 404ms (cache miss)
58 http fetch GET 200 https://registry.npmjs.org/react-is 940ms (cache updated)
59 silly placeDep ROOT @emotion/babel-plugin@11.12.0 OK for: @emotion/react@11.13.3 want: ^11.12.0
60 silly placeDep ROOT @emotion/cache@11.13.1 OK for: @emotion/react@11.13.3 want: ^11.13.0
61 silly placeDep ROOT @emotion/serialize@1.3.2 OK for: @emotion/react@11.13.3 want: ^1.3.1
62 silly placeDep ROOT @emotion/use-insertion-effect-with-fallbacks@1.1.0 OK for: @emotion/react@11.13.3 want: ^1.1.0
63 silly placeDep ROOT @emotion/utils@1.4.1 OK for: @emotion/react@11.13.3 want: ^1.4.0
64 silly placeDep ROOT @emotion/weak-memoize@0.4.0 OK for: @emotion/react@11.13.3 want: ^0.4.0
65 silly placeDep ROOT hoist-non-react-statics@3.3.2 OK for: @emotion/react@11.13.3 want: ^3.3.1
66 silly fetch manifest @emotion/hash@^0.9.2
67 silly fetch manifest @emotion/memoize@^0.9.0
68 silly fetch manifest @emotion/serialize@^1.2.0
69 silly fetch manifest convert-source-map@^1.5.0
70 silly fetch manifest find-root@^1.1.0
71 silly fetch manifest source-map@^0.5.7
72 silly fetch manifest stylis@4.2.0
73 http fetch GET 200 https://registry.npmjs.org/find-root 70ms (cache miss)
74 silly fetch manifest @emotion/sheet@^1.4.0
75 http fetch GET 200 https://registry.npmjs.org/convert-source-map 104ms (cache revalidated)
76 http fetch GET 200 https://registry.npmjs.org/source-map 107ms (cache revalidated)
77 http fetch GET 200 https://registry.npmjs.org/stylis 117ms (cache miss)
78 silly fetch manifest @emotion/unitless@^0.10.0
79 http fetch GET 200 https://registry.npmjs.org/@emotion%2fhash 132ms (cache miss)
80 silly fetch manifest @emotion/utils@^1.4.1
81 silly fetch manifest react-is@^16.7.0
82 http fetch GET 200 https://registry.npmjs.org/@emotion%2fmemoize 152ms (cache miss)
83 http fetch GET 200 https://registry.npmjs.org/@emotion%2fsheet 128ms (cache miss)
84 http fetch GET 200 https://registry.npmjs.org/@emotion%2funitless 83ms (cache miss)
85 silly placeDep ROOT @emotion/hash@0.9.2 OK for: @emotion/babel-plugin@11.12.0 want: ^0.9.2
86 silly placeDep ROOT @emotion/memoize@0.9.0 OK for: @emotion/babel-plugin@11.12.0 want: ^0.9.0
87 silly placeDep node_modules/@emotion/babel-plugin convert-source-map@1.9.0 OK for: @emotion/babel-plugin@11.12.0 want: ^1.5.0
88 silly placeDep ROOT find-root@1.1.0 OK for: @emotion/babel-plugin@11.12.0 want: ^1.1.0
89 silly placeDep node_modules/@emotion/babel-plugin source-map@0.5.7 OK for: @emotion/babel-plugin@11.12.0 want: ^0.5.7
90 silly placeDep ROOT stylis@4.2.0 OK for: @emotion/babel-plugin@11.12.0 want: 4.2.0
91 silly placeDep ROOT @emotion/sheet@1.4.0 OK for: @emotion/cache@11.13.1 want: ^1.4.0
92 silly placeDep ROOT @emotion/unitless@0.10.0 OK for: @emotion/serialize@1.3.2 want: ^0.10.0
93 silly placeDep ROOT @emotion/is-prop-valid@1.3.1 OK for: @emotion/styled@11.13.0 want: ^1.3.0
94 silly placeDep ROOT @mui/core-downloads-tracker@6.1.5 OK for: @mui/material@6.1.5 want: ^6.1.5
95 silly placeDep ROOT @mui/system@6.1.5 OK for: @mui/material@6.1.5 want: ^6.1.5
96 silly placeDep ROOT @mui/types@7.2.18 OK for: @mui/material@6.1.5 want: ^7.2.18
97 silly placeDep ROOT @mui/utils@6.1.5 OK for: @mui/material@6.1.5 want: ^6.1.5
98 silly placeDep ROOT @popperjs/core@2.11.8 OK for: @mui/material@6.1.5 want: ^2.11.8
99 silly placeDep ROOT @types/react-transition-group@4.4.11 OK for: @mui/material@6.1.5 want: ^4.4.11
100 silly placeDep ROOT clsx@2.1.1 OK for: @mui/material@6.1.5 want: ^2.1.1
101 silly placeDep node_modules/@mui/material react-is@18.3.1 OK for: @mui/material@6.1.5 want: ^18.3.1
102 silly placeDep ROOT react-transition-group@4.4.5 OK for: @mui/material@6.1.5 want: ^4.4.5
103 silly fetch manifest @mui/private-theming@^6.1.5
104 silly fetch manifest @mui/styled-engine@^6.1.5
105 silly fetch manifest dom-helpers@^5.0.1
106 http fetch GET 200 https://registry.npmjs.org/dom-helpers 166ms (cache miss)
107 http fetch GET 200 https://registry.npmjs.org/@mui%2fprivate-theming 212ms (cache miss)
108 http fetch GET 200 https://registry.npmjs.org/@mui%2fstyled-engine 239ms (cache miss)
109 silly placeDep ROOT @mui/private-theming@6.1.5 OK for: @mui/system@6.1.5 want: ^6.1.5
110 silly placeDep ROOT @mui/styled-engine@6.1.5 OK for: @mui/system@6.1.5 want: ^6.1.5
111 silly placeDep node_modules/@mui/utils react-is@18.3.1 OK for: @mui/utils@6.1.5 want: ^18.3.1
112 silly placeDep node_modules/hoist-non-react-statics react-is@16.13.1 OK for: hoist-non-react-statics@3.3.2 want: ^16.7.0
113 silly placeDep ROOT dom-helpers@5.2.1 OK for: react-transition-group@4.4.5 want: ^5.0.1
114 silly reify moves {}
115 silly audit bulk request {
115 silly audit   '@adobe/css-tools': [ '4.4.0' ],
115 silly audit   '@alloc/quick-lru': [ '5.2.0' ],
115 silly audit   '@ampproject/remapping': [ '2.3.0' ],
115 silly audit   '@apideck/better-ajv-errors': [ '0.3.6' ],
115 silly audit   '@babel/code-frame': [ '7.25.7' ],
115 silly audit   '@babel/compat-data': [ '7.25.8' ],
115 silly audit   '@babel/core': [ '7.25.8' ],
115 silly audit   semver: [ '6.3.1', '7.6.3' ],
115 silly audit   '@babel/eslint-parser': [ '7.25.8' ],
115 silly audit   'eslint-visitor-keys': [ '2.1.0', '3.4.3' ],
115 silly audit   '@babel/generator': [ '7.25.7' ],
115 silly audit   '@babel/helper-annotate-as-pure': [ '7.25.7' ],
115 silly audit   '@babel/helper-builder-binary-assignment-operator-visitor': [ '7.25.7' ],
115 silly audit   '@babel/helper-compilation-targets': [ '7.25.7' ],
115 silly audit   '@babel/helper-create-class-features-plugin': [ '7.25.7' ],
115 silly audit   '@babel/helper-create-regexp-features-plugin': [ '7.25.7' ],
115 silly audit   '@babel/helper-define-polyfill-provider': [ '0.6.2' ],
115 silly audit   '@babel/helper-member-expression-to-functions': [ '7.25.7' ],
115 silly audit   '@babel/helper-module-imports': [ '7.25.7' ],
115 silly audit   '@babel/helper-module-transforms': [ '7.25.7' ],
115 silly audit   '@babel/helper-optimise-call-expression': [ '7.25.7' ],
115 silly audit   '@babel/helper-plugin-utils': [ '7.25.7' ],
115 silly audit   '@babel/helper-remap-async-to-generator': [ '7.25.7' ],
115 silly audit   '@babel/helper-replace-supers': [ '7.25.7' ],
115 silly audit   '@babel/helper-simple-access': [ '7.25.7' ],
115 silly audit   '@babel/helper-skip-transparent-expression-wrappers': [ '7.25.7' ],
115 silly audit   '@babel/helper-string-parser': [ '7.25.7' ],
115 silly audit   '@babel/helper-validator-identifier': [ '7.25.7' ],
115 silly audit   '@babel/helper-validator-option': [ '7.25.7' ],
115 silly audit   '@babel/helper-wrap-function': [ '7.25.7' ],
115 silly audit   '@babel/helpers': [ '7.25.7' ],
115 silly audit   '@babel/highlight': [ '7.25.7' ],
115 silly audit   'ansi-styles': [ '3.2.1', '6.2.1', '5.2.0', '4.3.0' ],
115 silly audit   chalk: [ '2.4.2', '4.1.2', '3.0.0' ],
115 silly audit   'color-convert': [ '1.9.3', '2.0.1' ],
115 silly audit   'color-name': [ '1.1.3', '1.1.4' ],
115 silly audit   'escape-string-regexp': [ '1.0.5', '4.0.0', '2.0.0' ],
115 silly audit   'has-flag': [ '3.0.0', '4.0.0' ],
115 silly audit   'supports-color': [ '5.5.0', '8.1.1', '7.2.0' ],
115 silly audit   '@babel/parser': [ '7.25.8' ],
115 silly audit   '@babel/plugin-bugfix-firefox-class-in-computed-class-key': [ '7.25.7' ],
115 silly audit   '@babel/plugin-bugfix-safari-class-field-initializer-scope': [ '7.25.7' ],
115 silly audit   '@babel/plugin-bugfix-safari-id-destructuring-collision-in-function-expression': [ '7.25.7' ],
115 silly audit   '@babel/plugin-bugfix-v8-spread-parameters-in-optional-chaining': [ '7.25.7' ],
115 silly audit   '@babel/plugin-bugfix-v8-static-class-fields-redefine-readonly': [ '7.25.7' ],
115 silly audit   '@babel/plugin-proposal-class-properties': [ '7.18.6' ],
115 silly audit   '@babel/plugin-proposal-decorators': [ '7.25.7' ],
115 silly audit   '@babel/plugin-proposal-nullish-coalescing-operator': [ '7.18.6' ],
115 silly audit   '@babel/plugin-proposal-numeric-separator': [ '7.18.6' ],
115 silly audit   '@babel/plugin-proposal-optional-chaining': [ '7.21.0' ],
115 silly audit   '@babel/plugin-proposal-private-methods': [ '7.18.6' ],
115 silly audit   '@babel/plugin-proposal-private-property-in-object': [ '7.21.11', '7.21.0-placeholder-for-preset-env.2' ],
115 silly audit   '@babel/plugin-syntax-async-generators': [ '7.8.4' ],
115 silly audit   '@babel/plugin-syntax-bigint': [ '7.8.3' ],
115 silly audit   '@babel/plugin-syntax-class-properties': [ '7.12.13' ],
115 silly audit   '@babel/plugin-syntax-class-static-block': [ '7.14.5' ],
115 silly audit   '@babel/plugin-syntax-decorators': [ '7.25.7' ],
115 silly audit   '@babel/plugin-syntax-flow': [ '7.25.7' ],
115 silly audit   '@babel/plugin-syntax-import-assertions': [ '7.25.7' ],
115 silly audit   '@babel/plugin-syntax-import-attributes': [ '7.25.7' ],
115 silly audit   '@babel/plugin-syntax-import-meta': [ '7.10.4' ],
115 silly audit   '@babel/plugin-syntax-json-strings': [ '7.8.3' ],
115 silly audit   '@babel/plugin-syntax-jsx': [ '7.25.7' ],
115 silly audit   '@babel/plugin-syntax-logical-assignment-operators': [ '7.10.4' ],
115 silly audit   '@babel/plugin-syntax-nullish-coalescing-operator': [ '7.8.3' ],
115 silly audit   '@babel/plugin-syntax-numeric-separator': [ '7.10.4' ],
115 silly audit   '@babel/plugin-syntax-object-rest-spread': [ '7.8.3' ],
115 silly audit   '@babel/plugin-syntax-optional-catch-binding': [ '7.8.3' ],
115 silly audit   '@babel/plugin-syntax-optional-chaining': [ '7.8.3' ],
115 silly audit   '@babel/plugin-syntax-private-property-in-object': [ '7.14.5' ],
115 silly audit   '@babel/plugin-syntax-top-level-await': [ '7.14.5' ],
115 silly audit   '@babel/plugin-syntax-typescript': [ '7.25.7' ],
115 silly audit   '@babel/plugin-syntax-unicode-sets-regex': [ '7.18.6' ],
115 silly audit   '@babel/plugin-transform-arrow-functions': [ '7.25.7' ],
115 silly audit   '@babel/plugin-transform-async-generator-functions': [ '7.25.8' ],
115 silly audit   '@babel/plugin-transform-async-to-generator': [ '7.25.7' ],
115 silly audit   '@babel/plugin-transform-block-scoped-functions': [ '7.25.7' ],
115 silly audit   '@babel/plugin-transform-block-scoping': [ '7.25.7' ],
115 silly audit   '@babel/plugin-transform-class-properties': [ '7.25.7' ],
115 silly audit   '@babel/plugin-transform-class-static-block': [ '7.25.8' ],
115 silly audit   '@babel/plugin-transform-classes': [ '7.25.7' ],
115 silly audit   '@babel/plugin-transform-computed-properties': [ '7.25.7' ],
115 silly audit   '@babel/plugin-transform-destructuring': [ '7.25.7' ],
115 silly audit   '@babel/plugin-transform-dotall-regex': [ '7.25.7' ],
115 silly audit   '@babel/plugin-transform-duplicate-keys': [ '7.25.7' ],
115 silly audit   '@babel/plugin-transform-duplicate-named-capturing-groups-regex': [ '7.25.7' ],
115 silly audit   '@babel/plugin-transform-dynamic-import': [ '7.25.8' ],
115 silly audit   '@babel/plugin-transform-exponentiation-operator': [ '7.25.7' ],
115 silly audit   '@babel/plugin-transform-export-namespace-from': [ '7.25.8' ],
115 silly audit   '@babel/plugin-transform-flow-strip-types': [ '7.25.7' ],
115 silly audit   '@babel/plugin-transform-for-of': [ '7.25.7' ],
115 silly audit   '@babel/plugin-transform-function-name': [ '7.25.7' ],
115 silly audit   '@babel/plugin-transform-json-strings': [ '7.25.8' ],
115 silly audit   '@babel/plugin-transform-literals': [ '7.25.7' ],
115 silly audit   '@babel/plugin-transform-logical-assignment-operators': [ '7.25.8' ],
115 silly audit   '@babel/plugin-transform-member-expression-literals': [ '7.25.7' ],
115 silly audit   '@babel/plugin-transform-modules-amd': [ '7.25.7' ],
115 silly audit   '@babel/plugin-transform-modules-commonjs': [ '7.25.7' ],
115 silly audit   '@babel/plugin-transform-modules-systemjs': [ '7.25.7' ],
115 silly audit   '@babel/plugin-transform-modules-umd': [ '7.25.7' ],
115 silly audit   '@babel/plugin-transform-named-capturing-groups-regex': [ '7.25.7' ],
115 silly audit   '@babel/plugin-transform-new-target': [ '7.25.7' ],
115 silly audit   '@babel/plugin-transform-nullish-coalescing-operator': [ '7.25.8' ],
115 silly audit   '@babel/plugin-transform-numeric-separator': [ '7.25.8' ],
115 silly audit   '@babel/plugin-transform-object-rest-spread': [ '7.25.8' ],
115 silly audit   '@babel/plugin-transform-object-super': [ '7.25.7' ],
115 silly audit   '@babel/plugin-transform-optional-catch-binding': [ '7.25.8' ],
115 silly audit   '@babel/plugin-transform-optional-chaining': [ '7.25.8' ],
115 silly audit   '@babel/plugin-transform-parameters': [ '7.25.7' ],
115 silly audit   '@babel/plugin-transform-private-methods': [ '7.25.7' ],
115 silly audit   '@babel/plugin-transform-private-property-in-object': [ '7.25.8' ],
115 silly audit   '@babel/plugin-transform-property-literals': [ '7.25.7' ],
115 silly audit   '@babel/plugin-transform-react-constant-elements': [ '7.25.7' ],
115 silly audit   '@babel/plugin-transform-react-display-name': [ '7.25.7' ],
115 silly audit   '@babel/plugin-transform-react-jsx': [ '7.25.7' ],
115 silly audit   '@babel/plugin-transform-react-jsx-development': [ '7.25.7' ],
115 silly audit   '@babel/plugin-transform-react-pure-annotations': [ '7.25.7' ],
115 silly audit   '@babel/plugin-transform-regenerator': [ '7.25.7' ],
115 silly audit   '@babel/plugin-transform-reserved-words': [ '7.25.7' ],
115 silly audit   '@babel/plugin-transform-runtime': [ '7.25.7' ],
115 silly audit   '@babel/plugin-transform-shorthand-properties': [ '7.25.7' ],
115 silly audit   '@babel/plugin-transform-spread': [ '7.25.7' ],
115 silly audit   '@babel/plugin-transform-sticky-regex': [ '7.25.7' ],
115 silly audit   '@babel/plugin-transform-template-literals': [ '7.25.7' ],
115 silly audit   '@babel/plugin-transform-typeof-symbol': [ '7.25.7' ],
115 silly audit   '@babel/plugin-transform-typescript': [ '7.25.7' ],
115 silly audit   '@babel/plugin-transform-unicode-escapes': [ '7.25.7' ],
115 silly audit   '@babel/plugin-transform-unicode-property-regex': [ '7.25.7' ],
115 silly audit   '@babel/plugin-transform-unicode-regex': [ '7.25.7' ],
115 silly audit   '@babel/plugin-transform-unicode-sets-regex': [ '7.25.7' ],
115 silly audit   '@babel/preset-env': [ '7.25.8' ],
115 silly audit   '@babel/preset-modules': [ '0.1.6-no-external-plugins' ],
115 silly audit   '@babel/preset-react': [ '7.25.7' ],
115 silly audit   '@babel/preset-typescript': [ '7.25.7' ],
115 silly audit   '@babel/runtime': [ '7.25.7' ],
115 silly audit   '@babel/template': [ '7.25.7' ],
115 silly audit   '@babel/traverse': [ '7.25.7' ],
115 silly audit   '@babel/types': [ '7.25.8' ],
115 silly audit   '@bcoe/v8-coverage': [ '0.2.3' ],
115 silly audit   '@csstools/normalize.css': [ '12.1.1' ],
115 silly audit   '@csstools/postcss-cascade-layers': [ '1.1.1' ],
115 silly audit   '@csstools/postcss-color-function': [ '1.1.1' ],
115 silly audit   '@csstools/postcss-font-format-keywords': [ '1.0.1' ],
115 silly audit   '@csstools/postcss-hwb-function': [ '1.0.2' ],
115 silly audit   '@csstools/postcss-ic-unit': [ '1.0.1' ],
115 silly audit   '@csstools/postcss-is-pseudo-class': [ '2.0.7' ],
115 silly audit   '@csstools/postcss-nested-calc': [ '1.0.0' ],
115 silly audit   '@csstools/postcss-normalize-display-values': [ '1.0.1' ],
115 silly audit   '@csstools/postcss-oklab-function': [ '1.1.1' ],
115 silly audit   '@csstools/postcss-progressive-custom-properties': [ '1.3.0' ],
115 silly audit   '@csstools/postcss-stepped-value-functions': [ '1.0.1' ],
115 silly audit   '@csstools/postcss-text-decoration-shorthand': [ '1.0.0' ],
115 silly audit   '@csstools/postcss-trigonometric-functions': [ '1.0.2' ],
115 silly audit   '@csstools/postcss-unset-value': [ '1.0.2' ],
115 silly audit   '@csstools/selector-specificity': [ '2.2.0' ],
115 silly audit   '@eslint-community/eslint-utils': [ '4.4.0' ],
115 silly audit   '@eslint-community/regexpp': [ '4.11.1' ],
115 silly audit   '@eslint/eslintrc': [ '2.1.4' ],
115 silly audit   ajv: [ '6.12.6', '8.17.1' ],
115 silly audit   argparse: [ '2.0.1', '1.0.10' ],
115 silly audit   globals: [ '13.24.0', '11.12.0' ],
115 silly audit   'js-yaml': [ '4.1.0', '3.14.1' ],
115 silly audit   'json-schema-traverse': [ '0.4.1', '1.0.0' ],
115 silly audit   'type-fest': [ '0.20.2', '0.16.0', '0.21.3' ],
115 silly audit   '@eslint/js': [ '8.57.1' ],
115 silly audit   '@humanwhocodes/config-array': [ '0.13.0' ],
115 silly audit   '@humanwhocodes/module-importer': [ '1.0.1' ],
115 silly audit   '@humanwhocodes/object-schema': [ '2.0.3' ],
115 silly audit   '@isaacs/cliui': [ '8.0.2' ],
115 silly audit   'ansi-regex': [ '6.1.0', '5.0.1' ],
115 silly audit   'string-width': [ '5.1.2', '4.2.3' ],
115 silly audit   'strip-ansi': [ '7.1.0', '6.0.1' ],
115 silly audit   'wrap-ansi': [ '8.1.0', '7.0.0' ],
115 silly audit   '@istanbuljs/load-nyc-config': [ '1.1.0' ],
115 silly audit   camelcase: [ '5.3.1', '6.3.0' ],
115 silly audit   '@istanbuljs/schema': [ '0.1.3' ],
115 silly audit   '@jest/console': [ '27.5.1', '28.1.3' ],
115 silly audit   '@jest/types': [ '27.5.1', '29.6.3', '28.1.3' ],
115 silly audit   '@types/yargs': [ '16.0.9', '17.0.33' ],
115 silly audit   'jest-message-util': [ '27.5.1', '29.7.0', '28.1.3' ],
115 silly audit   'jest-util': [ '27.5.1', '29.7.0', '28.1.3' ],
115 silly audit   '@jest/core': [ '27.5.1' ],
115 silly audit   '@jest/environment': [ '27.5.1' ],
115 silly audit   '@jest/expect-utils': [ '29.7.0' ],
115 silly audit   '@jest/fake-timers': [ '27.5.1' ],
115 silly audit   '@jest/globals': [ '27.5.1' ],
115 silly audit   'diff-sequences': [ '27.5.1', '29.6.3' ],
115 silly audit   expect: [ '27.5.1', '29.7.0' ],
115 silly audit   'jest-diff': [ '27.5.1', '29.7.0' ],
115 silly audit   'jest-get-type': [ '27.5.1', '29.6.3' ],
115 silly audit   'jest-matcher-utils': [ '27.5.1', '29.7.0' ],
115 silly audit   '@jest/reporters': [ '27.5.1' ],
115 silly audit   'source-map': [ '0.6.1', '0.7.4', '0.8.0-beta.0', '0.5.7' ],
115 silly audit   '@jest/schemas': [ '29.6.3', '28.1.3' ],
115 silly audit   '@jest/source-map': [ '27.5.1' ],
115 silly audit   '@jest/test-result': [ '27.5.1', '28.1.3' ],
115 silly audit   '@jest/test-sequencer': [ '27.5.1' ],
115 silly audit   '@jest/transform': [ '27.5.1' ],
115 silly audit   'convert-source-map': [ '1.9.0', '2.0.0' ],
115 silly audit   '@jridgewell/gen-mapping': [ '0.3.5' ],
115 silly audit   '@jridgewell/resolve-uri': [ '3.1.2' ],
115 silly audit   '@jridgewell/set-array': [ '1.2.1' ],
115 silly audit   '@jridgewell/source-map': [ '0.3.6' ],
115 silly audit   '@jridgewell/sourcemap-codec': [ '1.5.0' ],
115 silly audit   '@jridgewell/trace-mapping': [ '0.3.25' ],
115 silly audit   '@leichtgewicht/ip-codec': [ '2.0.5' ],
115 silly audit   '@nicolo-ribaudo/eslint-scope-5-internals': [ '5.1.1-v1' ],
115 silly audit   'eslint-scope': [ '5.1.1', '7.2.2' ],
115 silly audit   estraverse: [ '4.3.0', '5.3.0' ],
115 silly audit   '@nodelib/fs.scandir': [ '2.1.5' ],
115 silly audit   '@nodelib/fs.stat': [ '2.0.5' ],
115 silly audit   '@nodelib/fs.walk': [ '1.2.8' ],
115 silly audit   '@pkgjs/parseargs': [ '0.11.0' ],
115 silly audit   '@pmmmwh/react-refresh-webpack-plugin': [ '0.5.15' ],
115 silly audit   '@remix-run/router': [ '1.20.0' ],
115 silly audit   '@rollup/plugin-babel': [ '5.3.1' ],
115 silly audit   '@rollup/plugin-node-resolve': [ '11.2.1' ],
115 silly audit   '@rollup/plugin-replace': [ '2.4.2' ],
115 silly audit   '@rollup/pluginutils': [ '3.1.0' ],
115 silly audit   '@types/estree': [ '0.0.39', '1.0.6' ],
115 silly audit   '@rtsao/scc': [ '1.1.0' ],
115 silly audit   '@rushstack/eslint-patch': [ '1.10.4' ],
115 silly audit   '@sinclair/typebox': [ '0.27.8', '0.24.51' ],
115 silly audit   '@sinonjs/commons': [ '1.8.6' ],
115 silly audit   '@sinonjs/fake-timers': [ '8.1.0' ],
115 silly audit   '@surma/rollup-plugin-off-main-thread': [ '2.2.3' ],
115 silly audit   '@svgr/babel-plugin-add-jsx-attribute': [ '5.4.0' ],
115 silly audit   '@svgr/babel-plugin-remove-jsx-attribute': [ '5.4.0' ],
115 silly audit   '@svgr/babel-plugin-remove-jsx-empty-expression': [ '5.0.1' ],
115 silly audit   '@svgr/babel-plugin-replace-jsx-attribute-value': [ '5.0.1' ],
115 silly audit   '@svgr/babel-plugin-svg-dynamic-title': [ '5.4.0' ],
115 silly audit   '@svgr/babel-plugin-svg-em-dimensions': [ '5.4.0' ],
115 silly audit   '@svgr/babel-plugin-transform-react-native-svg': [ '5.4.0' ],
115 silly audit   '@svgr/babel-plugin-transform-svg-component': [ '5.5.0' ],
115 silly audit   '@svgr/babel-preset': [ '5.5.0' ],
115 silly audit   '@svgr/core': [ '5.5.0' ],
115 silly audit   '@svgr/hast-util-to-babel-ast': [ '5.5.0' ],
115 silly audit   '@svgr/plugin-jsx': [ '5.5.0' ],
115 silly audit   '@svgr/plugin-svgo': [ '5.5.0' ],
115 silly audit   '@svgr/webpack': [ '5.5.0' ],
115 silly audit   '@testing-library/dom': [ '8.20.1' ],
115 silly audit   'aria-query': [ '5.1.3', '5.3.2' ],
115 silly audit   '@testing-library/jest-dom': [ '5.17.0' ],
115 silly audit   '@testing-library/react': [ '13.4.0' ],
115 silly audit   '@testing-library/user-event': [ '13.5.0' ],
115 silly audit   '@tootallnate/once': [ '1.1.2' ],
115 silly audit   '@trysound/sax': [ '0.2.0' ],
115 silly audit   '@types/aria-query': [ '5.0.4' ],
115 silly audit   '@types/babel__core': [ '7.20.5' ],
115 silly audit   '@types/babel__generator': [ '7.6.8' ],
115 silly audit   '@types/babel__template': [ '7.4.4' ],
115 silly audit   '@types/babel__traverse': [ '7.20.6' ],
115 silly audit   '@types/body-parser': [ '1.19.5' ],
115 silly audit   '@types/bonjour': [ '3.5.13' ],
115 silly audit   '@types/connect': [ '3.4.38' ],
115 silly audit   '@types/connect-history-api-fallback': [ '1.5.4' ],
115 silly audit   '@types/eslint': [ '8.56.12' ],
115 silly audit   '@types/express': [ '4.17.21' ],
115 silly audit   '@types/express-serve-static-core': [ '5.0.0', '4.19.6' ],
115 silly audit   '@types/graceful-fs': [ '4.1.9' ],
115 silly audit   '@types/html-minifier-terser': [ '6.1.0' ],
115 silly audit   '@types/http-errors': [ '2.0.4' ],
115 silly audit   '@types/http-proxy': [ '1.17.15' ],
115 silly audit   '@types/istanbul-lib-coverage': [ '2.0.6' ],
115 silly audit   '@types/istanbul-lib-report': [ '3.0.3' ],
115 silly audit   '@types/istanbul-reports': [ '3.0.4' ],
115 silly audit   '@types/jest': [ '29.5.13' ],
115 silly audit   'pretty-format': [ '29.7.0', '28.1.3', '27.5.1' ],
115 silly audit   'react-is': [ '18.3.1', '16.13.1', '17.0.2' ],
115 silly audit   '@types/json-schema': [ '7.0.15' ],
115 silly audit   '@types/json5': [ '0.0.29' ],
115 silly audit   '@types/mime': [ '1.3.5' ],
115 silly audit   '@types/node': [ '22.7.7' ],
115 silly audit   '@types/node-forge': [ '1.3.11' ],
115 silly audit   '@types/parse-json': [ '4.0.2' ],
115 silly audit   '@types/prettier': [ '2.7.3' ],
115 silly audit   '@types/prop-types': [ '15.7.13' ],
115 silly audit   '@types/q': [ '1.5.8' ],
115 silly audit   '@types/qs': [ '6.9.16' ],
115 silly audit   '@types/range-parser': [ '1.2.7' ],
115 silly audit   '@types/react': [ '18.3.11' ],
115 silly audit   '@types/react-dom': [ '18.3.1' ],
115 silly audit   '@types/resolve': [ '1.17.1' ],
115 silly audit   '@types/retry': [ '0.12.0' ],
115 silly audit   '@types/semver': [ '7.5.8' ],
115 silly audit   '@types/send': [ '0.17.4' ],
115 silly audit   '@types/serve-index': [ '1.9.4' ],
115 silly audit   '@types/serve-static': [ '1.15.7' ],
115 silly audit   '@types/sockjs': [ '0.3.36' ],
115 silly audit   '@types/stack-utils': [ '2.0.3' ],
115 silly audit   '@types/testing-library__jest-dom': [ '5.14.9' ],
115 silly audit   '@types/trusted-types': [ '2.0.7' ],
115 silly audit   '@types/ws': [ '8.5.12' ],
115 silly audit   '@types/yargs-parser': [ '21.0.3' ],
115 silly audit   '@typescript-eslint/eslint-plugin': [ '5.62.0' ],
115 silly audit   '@typescript-eslint/experimental-utils': [ '5.62.0' ],
115 silly audit   '@typescript-eslint/parser': [ '5.62.0' ],
115 silly audit   '@typescript-eslint/scope-manager': [ '5.62.0' ],
115 silly audit   '@typescript-eslint/type-utils': [ '5.62.0' ],
115 silly audit   '@typescript-eslint/types': [ '5.62.0' ],
115 silly audit   '@typescript-eslint/typescript-estree': [ '5.62.0' ],
115 silly audit   '@typescript-eslint/utils': [ '5.62.0' ],
115 silly audit   '@typescript-eslint/visitor-keys': [ '5.62.0' ],
115 silly audit   '@ungap/structured-clone': [ '1.2.0' ],
115 silly audit   '@videojs/http-streaming': [ '3.15.0' ],
115 silly audit   'mux.js': [ '7.0.3', '7.1.0' ],
115 silly audit   '@videojs/vhs-utils': [ '4.1.1' ],
115 silly audit   '@videojs/xhr': [ '2.7.0' ],
115 silly audit   '@webassemblyjs/ast': [ '1.12.1' ],
115 silly audit   '@webassemblyjs/floating-point-hex-parser': [ '1.11.6' ],
115 silly audit   '@webassemblyjs/helper-api-error': [ '1.11.6' ],
115 silly audit   '@webassemblyjs/helper-buffer': [ '1.12.1' ],
115 silly audit   '@webassemblyjs/helper-numbers': [ '1.11.6' ],
115 silly audit   '@webassemblyjs/helper-wasm-bytecode': [ '1.11.6' ],
115 silly audit   '@webassemblyjs/helper-wasm-section': [ '1.12.1' ],
115 silly audit   '@webassemblyjs/ieee754': [ '1.11.6' ],
115 silly audit   '@webassemblyjs/leb128': [ '1.11.6' ],
115 silly audit   '@webassemblyjs/utf8': [ '1.11.6' ],
115 silly audit   '@webassemblyjs/wasm-edit': [ '1.12.1' ],
115 silly audit   '@webassemblyjs/wasm-gen': [ '1.12.1' ],
115 silly audit   '@webassemblyjs/wasm-opt': [ '1.12.1' ],
115 silly audit   '@webassemblyjs/wasm-parser': [ '1.12.1' ],
115 silly audit   '@webassemblyjs/wast-printer': [ '1.12.1' ],
115 silly audit   '@xmldom/xmldom': [ '0.8.10' ],
115 silly audit   '@xtuc/ieee754': [ '1.2.0' ],
115 silly audit   '@xtuc/long': [ '4.2.2' ],
115 silly audit   abab: [ '2.0.6' ],
115 silly audit   accepts: [ '1.3.8' ],
115 silly audit   acorn: [ '8.13.0', '7.4.1' ],
115 silly audit   'acorn-globals': [ '6.0.0' ],
115 silly audit   'acorn-import-attributes': [ '1.9.5' ],
115 silly audit   'acorn-jsx': [ '5.3.2' ],
115 silly audit   'acorn-walk': [ '7.2.0' ],
115 silly audit   address: [ '1.2.2' ],
115 silly audit   'adjust-sourcemap-loader': [ '4.0.0' ],
115 silly audit   'aes-decrypter': [ '4.0.2' ],
115 silly audit   'agent-base': [ '6.0.2' ],
115 silly audit   'ajv-formats': [ '2.1.1' ],
115 silly audit   'ajv-keywords': [ '5.1.0', '3.5.2' ],
115 silly audit   'ansi-escapes': [ '4.3.2' ],
115 silly audit   'ansi-html': [ '0.0.9' ],
115 silly audit   'ansi-html-community': [ '0.0.8' ],
115 silly audit   'any-promise': [ '1.3.0' ],
115 silly audit   anymatch: [ '3.1.3' ],
115 silly audit   arg: [ '5.0.2' ],
115 silly audit   'array-buffer-byte-length': [ '1.0.1' ],
115 silly audit   'array-flatten': [ '1.1.1' ],
115 silly audit   'array-includes': [ '3.1.8' ],
115 silly audit   'array-union': [ '2.1.0' ],
115 silly audit   'array.prototype.findlast': [ '1.2.5' ],
115 silly audit   'array.prototype.findlastindex': [ '1.2.5' ],
115 silly audit   'array.prototype.flat': [ '1.3.2' ],
115 silly audit   'array.prototype.flatmap': [ '1.3.2' ],
115 silly audit   'array.prototype.reduce': [ '1.0.7' ],
115 silly audit   'array.prototype.tosorted': [ '1.1.4' ],
115 silly audit   'arraybuffer.prototype.slice': [ '1.0.3' ],
115 silly audit   asap: [ '2.0.6' ],
115 silly audit   'ast-types-flow': [ '0.0.8' ],
115 silly audit   async: [ '3.2.6' ],
115 silly audit   asynckit: [ '0.4.0' ],
115 silly audit   'at-least-node': [ '1.0.0' ],
115 silly audit   autoprefixer: [ '10.4.20' ],
115 silly audit   'available-typed-arrays': [ '1.0.7' ],
115 silly audit   'axe-core': [ '4.10.1' ],
115 silly audit   axios: [ '1.7.7' ],
115 silly audit   'form-data': [ '4.0.1', '3.0.2' ],
115 silly audit   'axobject-query': [ '4.1.0' ],
115 silly audit   'babel-jest': [ '27.5.1' ],
115 silly audit   'babel-loader': [ '8.4.1' ],
115 silly audit   'schema-utils': [ '2.7.1', '3.3.0', '2.7.0', '4.2.0' ],
115 silly audit   'babel-plugin-istanbul': [ '6.1.1' ],
115 silly audit   'babel-plugin-jest-hoist': [ '27.5.1' ],
115 silly audit   'babel-plugin-macros': [ '3.1.0' ],
115 silly audit   'babel-plugin-named-asset-import': [ '0.3.8' ],
115 silly audit   'babel-plugin-polyfill-corejs2': [ '0.4.11' ],
115 silly audit   'babel-plugin-polyfill-corejs3': [ '0.10.6' ],
115 silly audit   'babel-plugin-polyfill-regenerator': [ '0.6.2' ],
115 silly audit   'babel-plugin-transform-react-remove-prop-types': [ '0.4.24' ],
115 silly audit   'babel-preset-current-node-syntax': [ '1.1.0' ],
115 silly audit   'babel-preset-jest': [ '27.5.1' ],
115 silly audit   'babel-preset-react-app': [ '10.0.1' ],
115 silly audit   'balanced-match': [ '1.0.2' ],
115 silly audit   batch: [ '0.6.1' ],
115 silly audit   bfj: [ '7.1.0' ],
115 silly audit   'big.js': [ '5.2.2' ],
115 silly audit   'binary-extensions': [ '2.3.0' ],
115 silly audit   bluebird: [ '3.7.2' ],
115 silly audit   'body-parser': [ '1.20.3' ],
115 silly audit   bytes: [ '3.1.2', '3.0.0' ],
115 silly audit   debug: [ '2.6.9', '4.3.7', '3.2.7' ],
115 silly audit   'iconv-lite': [ '0.4.24', '0.6.3' ],
115 silly audit   ms: [ '2.0.0', '2.1.3' ],
115 silly audit   'bonjour-service': [ '1.2.1' ],
115 silly audit   boolbase: [ '1.0.0' ],
115 silly audit   bootstrap: [ '5.3.3' ],
115 silly audit   'bootstrap-icons': [ '1.11.3' ],
115 silly audit   'brace-expansion': [ '1.1.11', '2.0.1' ],
115 silly audit   braces: [ '3.0.3' ],
115 silly audit   'browser-process-hrtime': [ '1.0.0' ],
115 silly audit   browserslist: [ '4.24.0' ],
115 silly audit   bser: [ '2.1.1' ],
115 silly audit   'buffer-from': [ '1.1.2' ],
115 silly audit   'builtin-modules': [ '3.3.0' ],
115 silly audit   'call-bind': [ '1.0.7' ],
115 silly audit   callsites: [ '3.1.0' ],
115 silly audit   'camel-case': [ '4.1.2' ],
115 silly audit   'camelcase-css': [ '2.0.1' ],
115 silly audit   'caniuse-api': [ '3.0.0' ],
115 silly audit   'caniuse-lite': [ '1.0.30001669' ],
115 silly audit   'case-sensitive-paths-webpack-plugin': [ '2.4.0' ],
115 silly audit   'char-regex': [ '1.0.2', '2.0.1' ],
115 silly audit   'check-types': [ '11.2.3' ],
115 silly audit   chokidar: [ '3.6.0' ],
115 silly audit   'glob-parent': [ '5.1.2', '6.0.2' ],
115 silly audit   'chrome-trace-event': [ '1.0.4' ],
115 silly audit   'ci-info': [ '3.9.0' ],
115 silly audit   'cjs-module-lexer': [ '1.4.1' ],
115 silly audit   'clean-css': [ '5.3.3' ],
115 silly audit   cliui: [ '7.0.4' ],
115 silly audit   co: [ '4.6.0' ],
115 silly audit   coa: [ '2.0.2' ],
115 silly audit   'collect-v8-coverage': [ '1.0.2' ],
115 silly audit   colord: [ '2.9.3' ],
115 silly audit   colorette: [ '2.0.20' ],
115 silly audit   'combined-stream': [ '1.0.8' ],
115 silly audit   commander: [ '8.3.0', '7.2.0', '4.1.1', '2.20.3' ],
115 silly audit   'common-tags': [ '1.8.2' ],
115 silly audit   commondir: [ '1.0.1' ],
115 silly audit   compressible: [ '2.0.18' ],
115 silly audit   compression: [ '1.7.4' ],
115 silly audit   'safe-buffer': [ '5.1.2', '5.2.1' ],
115 silly audit   'concat-map': [ '0.0.1' ],
115 silly audit   'confusing-browser-globals': [ '1.0.11' ],
115 silly audit   'connect-history-api-fallback': [ '2.0.0' ],
115 silly audit   'content-disposition': [ '0.5.4' ],
115 silly audit   'content-type': [ '1.0.5' ],
115 silly audit   cookie: [ '0.7.1' ],
115 silly audit   'cookie-signature': [ '1.0.6' ],
115 silly audit   'core-js': [ '3.38.1' ],
115 silly audit   'core-js-compat': [ '3.38.1' ],
115 silly audit   'core-js-pure': [ '3.38.1' ],
115 silly audit   'core-util-is': [ '1.0.3' ],
115 silly audit   cosmiconfig: [ '7.1.0', '6.0.0' ],
115 silly audit   'cross-spawn': [ '7.0.3' ],
115 silly audit   'crypto-random-string': [ '2.0.0' ],
115 silly audit   'css-blank-pseudo': [ '3.0.3' ],
115 silly audit   'css-declaration-sorter': [ '6.4.1' ],
115 silly audit   'css-has-pseudo': [ '3.0.4' ],
115 silly audit   'css-loader': [ '6.11.0' ],
115 silly audit   'css-minimizer-webpack-plugin': [ '3.4.1' ],
115 silly audit   'css-prefers-color-scheme': [ '6.0.3' ],
115 silly audit   'css-select': [ '4.3.0', '2.1.0' ],
115 silly audit   'css-select-base-adapter': [ '0.1.1' ],
115 silly audit   'css-tree': [ '1.0.0-alpha.37', '1.1.3' ],
115 silly audit   'css-what': [ '6.1.0', '3.4.2' ],
115 silly audit   'css.escape': [ '1.5.1' ],
115 silly audit   cssdb: [ '7.11.2' ],
115 silly audit   cssesc: [ '3.0.0' ],
115 silly audit   cssnano: [ '5.1.15' ],
115 silly audit   'cssnano-preset-default': [ '5.2.14' ],
115 silly audit   'cssnano-utils': [ '3.1.0' ],
115 silly audit   csso: [ '4.2.0' ],
115 silly audit   'mdn-data': [ '2.0.14', '2.0.4' ],
115 silly audit   cssom: [ '0.4.4', '0.3.8' ],
115 silly audit   cssstyle: [ '2.3.0' ],
115 silly audit   csstype: [ '3.1.3' ],
115 silly audit   'damerau-levenshtein': [ '1.0.8' ],
115 silly audit   'data-urls': [ '2.0.0' ],
115 silly audit   'data-view-buffer': [ '1.0.1' ],
115 silly audit   'data-view-byte-length': [ '1.0.1' ],
115 silly audit   'data-view-byte-offset': [ '1.0.0' ],
115 silly audit   'decimal.js': [ '10.4.3' ],
115 silly audit   dedent: [ '0.7.0' ],
115 silly audit   'deep-equal': [ '2.2.3' ],
115 silly audit   'deep-is': [ '0.1.4' ],
115 silly audit   deepmerge: [ '4.3.1' ],
115 silly audit   'default-gateway': [ '6.0.3' ],
115 silly audit   'define-data-property': [ '1.1.4' ],
115 silly audit   'define-lazy-prop': [ '2.0.0' ],
115 silly audit   'define-properties': [ '1.2.1' ],
115 silly audit   'delayed-stream': [ '1.0.0' ],
115 silly audit   depd: [ '2.0.0', '1.1.2' ],
115 silly audit   destroy: [ '1.2.0' ],
115 silly audit   'detect-newline': [ '3.1.0' ],
115 silly audit   'detect-node': [ '2.1.0' ],
115 silly audit   'detect-port-alt': [ '1.1.6' ],
115 silly audit   didyoumean: [ '1.2.2' ],
115 silly audit   'dir-glob': [ '3.0.1' ],
115 silly audit   dlv: [ '1.1.3' ],
115 silly audit   'dns-packet': [ '5.6.1' ],
115 silly audit   doctrine: [ '3.0.0', '2.1.0' ],
115 silly audit   'dom-accessibility-api': [ '0.5.16' ],
115 silly audit   'dom-converter': [ '0.2.0' ],
115 silly audit   'dom-serializer': [ '1.4.1', '0.2.2' ],
115 silly audit   'dom-walk': [ '0.1.2' ],
115 silly audit   domelementtype: [ '2.3.0', '1.3.1' ],
115 silly audit   domexception: [ '2.0.1' ],
115 silly audit   'webidl-conversions': [ '5.0.0', '6.1.0', '4.0.2' ],
115 silly audit   domhandler: [ '4.3.1' ],
115 silly audit   domutils: [ '2.8.0', '1.7.0' ],
115 silly audit   'dot-case': [ '3.0.4' ],
115 silly audit   dotenv: [ '10.0.0' ],
115 silly audit   'dotenv-expand': [ '5.1.0' ],
115 silly audit   duplexer: [ '0.1.2' ],
115 silly audit   eastasianwidth: [ '0.2.0' ],
115 silly audit   'ee-first': [ '1.1.1' ],
115 silly audit   ejs: [ '3.1.10' ],
115 silly audit   'electron-to-chromium': [ '1.5.41' ],
115 silly audit   emittery: [ '0.8.1', '0.10.2' ],
115 silly audit   'emoji-regex': [ '9.2.2', '8.0.0' ],
115 silly audit   'emojis-list': [ '3.0.0' ],
115 silly audit   encodeurl: [ '2.0.0', '1.0.2' ],
115 silly audit   'enhanced-resolve': [ '5.17.1' ],
115 silly audit   entities: [ '2.2.0' ],
115 silly audit   'error-ex': [ '1.3.2' ],
115 silly audit   'error-stack-parser': [ '2.1.4' ],
115 silly audit   'es-abstract': [ '1.23.3' ],
115 silly audit   'es-array-method-boxes-properly': [ '1.0.0' ],
115 silly audit   'es-define-property': [ '1.0.0' ],
115 silly audit   'es-errors': [ '1.3.0' ],
115 silly audit   'es-get-iterator': [ '1.1.3' ],
115 silly audit   'es-iterator-helpers': [ '1.1.0' ],
115 silly audit   'es-module-lexer': [ '1.5.4' ],
115 silly audit   'es-object-atoms': [ '1.0.0' ],
115 silly audit   'es-set-tostringtag': [ '2.0.3' ],
115 silly audit   'es-shim-unscopables': [ '1.0.2' ],
115 silly audit   'es-to-primitive': [ '1.2.1' ],
115 silly audit   escalade: [ '3.2.0' ],
115 silly audit   'escape-html': [ '1.0.3' ],
115 silly audit   escodegen: [ '2.1.0', '1.14.3' ],
115 silly audit   eslint: [ '8.57.1' ],
115 silly audit   'eslint-config-react-app': [ '7.0.1' ],
115 silly audit   'eslint-import-resolver-node': [ '0.3.9' ],
115 silly audit   'eslint-module-utils': [ '2.12.0' ],
115 silly audit   'eslint-plugin-flowtype': [ '8.0.3' ],
115 silly audit   'eslint-plugin-import': [ '2.31.0' ],
115 silly audit   'eslint-plugin-jest': [ '25.7.0' ],
115 silly audit   'eslint-plugin-jsx-a11y': [ '6.10.0' ],
115 silly audit   'eslint-plugin-react': [ '7.37.1' ],
115 silly audit   'eslint-plugin-react-hooks': [ '4.6.2' ],
115 silly audit   resolve: [ '2.0.0-next.5', '1.22.8' ],
115 silly audit   'eslint-plugin-testing-library': [ '5.11.1' ],
115 silly audit   'eslint-webpack-plugin': [ '3.2.0' ],
115 silly audit   'jest-worker': [ '28.1.3', '27.5.1', '26.6.2' ],
115 silly audit   'find-up': [ '5.0.0', '4.1.0', '3.0.0' ],
115 silly audit   'locate-path': [ '6.0.0', '5.0.0', '3.0.0' ],
115 silly audit   'p-limit': [ '3.1.0', '2.3.0' ],
115 silly audit   'p-locate': [ '5.0.0', '4.1.0', '3.0.0' ],
115 silly audit   espree: [ '9.6.1' ],
115 silly audit   esprima: [ '4.0.1', '1.2.2' ],
115 silly audit   esquery: [ '1.6.0' ],
115 silly audit   esrecurse: [ '4.3.0' ],
115 silly audit   'estree-walker': [ '1.0.1' ],
115 silly audit   esutils: [ '2.0.3' ],
115 silly audit   etag: [ '1.8.1' ],
115 silly audit   eventemitter3: [ '4.0.7' ],
115 silly audit   events: [ '3.3.0' ],
115 silly audit   execa: [ '5.1.1' ],
115 silly audit   exit: [ '0.1.2' ],
115 silly audit   express: [ '4.21.1' ],
115 silly audit   'fast-deep-equal': [ '3.1.3' ],
115 silly audit   'fast-glob': [ '3.3.2' ],
115 silly audit   'fast-json-stable-stringify': [ '2.1.0' ],
115 silly audit   'fast-levenshtein': [ '2.0.6' ],
115 silly audit   'fast-uri': [ '3.0.3' ],
115 silly audit   fastq: [ '1.17.1' ],
115 silly audit   'faye-websocket': [ '0.11.4' ],
115 silly audit   'fb-watchman': [ '2.0.2' ],
115 silly audit   'file-entry-cache': [ '6.0.1' ],
115 silly audit   'file-loader': [ '6.2.0' ],
115 silly audit   filelist: [ '1.0.4' ],
115 silly audit   minimatch: [ '5.1.6', '3.1.2', '9.0.5' ],
115 silly audit   filesize: [ '8.0.7' ],
115 silly audit   'fill-range': [ '7.1.1' ],
115 silly audit   finalhandler: [ '1.3.1' ],
115 silly audit   'find-cache-dir': [ '3.3.2' ],
115 silly audit   'flat-cache': [ '3.2.0' ],
115 silly audit   flatted: [ '3.3.1' ],
115 silly audit   'follow-redirects': [ '1.15.9' ],
115 silly audit   'for-each': [ '0.3.3' ],
115 silly audit   'foreground-child': [ '3.3.0' ],
115 silly audit   'signal-exit': [ '4.1.0', '3.0.7' ],
115 silly audit   'fork-ts-checker-webpack-plugin': [ '6.5.3' ],
115 silly audit   'fs-extra': [ '9.1.0', '10.1.0' ],
115 silly audit   tapable: [ '1.1.3', '2.2.1' ],
115 silly audit   forwarded: [ '0.2.0' ],
115 silly audit   'fraction.js': [ '4.3.7' ],
115 silly audit   fresh: [ '0.5.2' ],
115 silly audit   'fs-monkey': [ '1.0.6' ],
115 silly audit   'fs.realpath': [ '1.0.0' ],
115 silly audit   fsevents: [ '2.3.3' ],
115 silly audit   'function-bind': [ '1.1.2' ],
115 silly audit   'function.prototype.name': [ '1.1.6' ],
115 silly audit   'functions-have-names': [ '1.2.3' ],
115 silly audit   gensync: [ '1.0.0-beta.2' ],
115 silly audit   'get-caller-file': [ '2.0.5' ],
115 silly audit   'get-intrinsic': [ '1.2.4' ],
115 silly audit   'get-own-enumerable-property-symbols': [ '3.0.2' ],
115 silly audit   'get-package-type': [ '0.1.0' ],
115 silly audit   'get-stream': [ '6.0.1' ],
115 silly audit   'get-symbol-description': [ '1.0.2' ],
115 silly audit   glob: [ '7.2.3', '10.4.5' ],
115 silly audit   'glob-to-regexp': [ '0.4.1' ],
115 silly audit   global: [ '4.4.0' ],
115 silly audit   'global-modules': [ '2.0.0' ],
115 silly audit   'global-prefix': [ '3.0.0' ],
115 silly audit   which: [ '1.3.1', '2.0.2' ],
115 silly audit   globalthis: [ '1.0.4' ],
115 silly audit   globby: [ '11.1.0' ],
115 silly audit   gopd: [ '1.0.1' ],
115 silly audit   'graceful-fs': [ '4.2.11' ],
115 silly audit   graphemer: [ '1.4.0' ],
115 silly audit   'gzip-size': [ '6.0.0' ],
115 silly audit   'handle-thing': [ '2.0.1' ],
115 silly audit   'harmony-reflect': [ '1.6.2' ],
115 silly audit   'has-bigints': [ '1.0.2' ],
115 silly audit   'has-property-descriptors': [ '1.0.2' ],
115 silly audit   'has-proto': [ '1.0.3' ],
115 silly audit   'has-symbols': [ '1.0.3' ],
115 silly audit   'has-tostringtag': [ '1.0.2' ],
115 silly audit   hasown: [ '2.0.2' ],
115 silly audit   he: [ '1.2.0' ],
115 silly audit   hoopy: [ '0.1.4' ],
115 silly audit   'hpack.js': [ '2.1.6' ],
115 silly audit   isarray: [ '1.0.0', '2.0.5' ],
115 silly audit   'readable-stream': [ '2.3.8', '3.6.2' ],
115 silly audit   string_decoder: [ '1.1.1', '1.3.0' ],
115 silly audit   'html-encoding-sniffer': [ '2.0.1' ],
115 silly audit   'html-entities': [ '2.5.2' ],
115 silly audit   'html-escaper': [ '2.0.2' ],
115 silly audit   'html-minifier-terser': [ '6.1.0' ],
115 silly audit   'html-webpack-plugin': [ '5.6.2' ],
115 silly audit   htmlparser2: [ '6.1.0' ],
115 silly audit   'http-deceiver': [ '1.2.7' ],
115 silly audit   'http-errors': [ '2.0.0', '1.6.3' ],
115 silly audit   'http-parser-js': [ '0.5.8' ],
115 silly audit   'http-proxy': [ '1.18.1' ],
115 silly audit   'http-proxy-agent': [ '4.0.1' ],
115 silly audit   'http-proxy-middleware': [ '2.0.7' ],
115 silly audit   'https-proxy-agent': [ '5.0.1' ],
115 silly audit   'human-signals': [ '2.1.0' ],
115 silly audit   'icss-utils': [ '5.1.0' ],
115 silly audit   idb: [ '7.1.1' ],
115 silly audit   'identity-obj-proxy': [ '3.0.0' ],
115 silly audit   ignore: [ '5.3.2' ],
115 silly audit   immer: [ '9.0.21' ],
115 silly audit   'import-fresh': [ '3.3.0' ],
115 silly audit   'resolve-from': [ '4.0.0', '5.0.0' ],
115 silly audit   'import-local': [ '3.2.0' ],
115 silly audit   imurmurhash: [ '0.1.4' ],
115 silly audit   'indent-string': [ '4.0.0' ],
115 silly audit   inflight: [ '1.0.6' ],
115 silly audit   inherits: [ '2.0.4', '2.0.3' ],
115 silly audit   ini: [ '1.3.8' ],
115 silly audit   'internal-slot': [ '1.0.7' ],
115 silly audit   'ipaddr.js': [ '2.2.0', '1.9.1' ],
115 silly audit   'is-arguments': [ '1.1.1' ],
115 silly audit   'is-array-buffer': [ '3.0.4' ],
115 silly audit   'is-arrayish': [ '0.2.1' ],
115 silly audit   'is-async-function': [ '2.0.0' ],
115 silly audit   'is-bigint': [ '1.0.4' ],
115 silly audit   'is-binary-path': [ '2.1.0' ],
115 silly audit   'is-boolean-object': [ '1.1.2' ],
115 silly audit   'is-callable': [ '1.2.7' ],
115 silly audit   'is-core-module': [ '2.15.1' ],
115 silly audit   'is-data-view': [ '1.0.1' ],
115 silly audit   'is-date-object': [ '1.0.5' ],
115 silly audit   'is-docker': [ '2.2.1' ],
115 silly audit   'is-extglob': [ '2.1.1' ],
115 silly audit   'is-finalizationregistry': [ '1.0.2' ],
115 silly audit   'is-fullwidth-code-point': [ '3.0.0' ],
115 silly audit   'is-function': [ '1.0.2' ],
115 silly audit   'is-generator-fn': [ '2.1.0' ],
115 silly audit   'is-generator-function': [ '1.0.10' ],
115 silly audit   'is-glob': [ '4.0.3' ],
115 silly audit   'is-map': [ '2.0.3' ],
115 silly audit   'is-module': [ '1.0.0' ],
115 silly audit   'is-negative-zero': [ '2.0.3' ],
115 silly audit   'is-number': [ '7.0.0' ],
115 silly audit   'is-number-object': [ '1.0.7' ],
115 silly audit   'is-obj': [ '1.0.1' ],
115 silly audit   'is-path-inside': [ '3.0.3' ],
115 silly audit   'is-plain-obj': [ '3.0.0' ],
115 silly audit   'is-potential-custom-element-name': [ '1.0.1' ],
115 silly audit   'is-regex': [ '1.1.4' ],
115 silly audit   'is-regexp': [ '1.0.0' ],
115 silly audit   'is-root': [ '2.1.0' ],
115 silly audit   'is-set': [ '2.0.3' ],
115 silly audit   'is-shared-array-buffer': [ '1.0.3' ],
115 silly audit   'is-stream': [ '2.0.1' ],
115 silly audit   'is-string': [ '1.0.7' ],
115 silly audit   'is-symbol': [ '1.0.4' ],
115 silly audit   'is-typed-array': [ '1.1.13' ],
115 silly audit   'is-typedarray': [ '1.0.0' ],
115 silly audit   'is-weakmap': [ '2.0.2' ],
115 silly audit   'is-weakref': [ '1.0.2' ],
115 silly audit   'is-weakset': [ '2.0.3' ],
115 silly audit   'is-wsl': [ '2.2.0' ],
115 silly audit   isexe: [ '2.0.0' ],
115 silly audit   'istanbul-lib-coverage': [ '3.2.2' ],
115 silly audit   'istanbul-lib-instrument': [ '5.2.1' ],
115 silly audit   'istanbul-lib-report': [ '3.0.1' ],
115 silly audit   'make-dir': [ '4.0.0', '3.1.0' ],
115 silly audit   'istanbul-lib-source-maps': [ '4.0.1' ],
115 silly audit   'istanbul-reports': [ '3.1.7' ],
115 silly audit   'iterator.prototype': [ '1.1.3' ],
115 silly audit   jackspeak: [ '3.4.3' ],
115 silly audit   jake: [ '10.9.2' ],
115 silly audit   jest: [ '27.5.1' ],
115 silly audit   'jest-changed-files': [ '27.5.1' ],
115 silly audit   'jest-circus': [ '27.5.1' ],
115 silly audit   'jest-cli': [ '27.5.1' ],
115 silly audit   'jest-config': [ '27.5.1' ],
115 silly audit   'jest-docblock': [ '27.5.1' ],
115 silly audit   'jest-each': [ '27.5.1' ],
115 silly audit   'jest-environment-jsdom': [ '27.5.1' ],
115 silly audit   'jest-environment-node': [ '27.5.1' ],
115 silly audit   'jest-haste-map': [ '27.5.1' ],
115 silly audit   'jest-jasmine2': [ '27.5.1' ],
115 silly audit   'jest-leak-detector': [ '27.5.1' ],
115 silly audit   'jest-mock': [ '27.5.1' ],
115 silly audit   'jest-pnp-resolver': [ '1.2.3' ],
115 silly audit   'jest-regex-util': [ '27.5.1', '28.0.2' ],
115 silly audit   'jest-resolve': [ '27.5.1' ],
115 silly audit   'jest-resolve-dependencies': [ '27.5.1' ],
115 silly audit   'jest-runner': [ '27.5.1' ],
115 silly audit   'jest-runtime': [ '27.5.1' ],
115 silly audit   'jest-serializer': [ '27.5.1' ],
115 silly audit   'jest-snapshot': [ '27.5.1' ],
115 silly audit   'jest-validate': [ '27.5.1' ],
115 silly audit   'jest-watch-typeahead': [ '1.1.0' ],
115 silly audit   slash: [ '3.0.0', '4.0.0' ],
115 silly audit   'jest-watcher': [ '28.1.3', '27.5.1' ],
115 silly audit   'string-length': [ '4.0.2', '5.0.1' ],
115 silly audit   jiti: [ '1.21.6' ],
115 silly audit   'js-tokens': [ '4.0.0' ],
115 silly audit   jsdom: [ '16.7.0' ],
115 silly audit   jsesc: [ '3.0.2' ],
115 silly audit   'json-buffer': [ '3.0.1' ],
115 silly audit   'json-parse-even-better-errors': [ '2.3.1' ],
115 silly audit   'json-schema': [ '0.4.0' ],
115 silly audit   'json-stable-stringify-without-jsonify': [ '1.0.1' ],
115 silly audit   json5: [ '2.2.3', '1.0.2' ],
115 silly audit   jsonfile: [ '6.1.0' ],
115 silly audit   jsonpath: [ '1.1.1' ],
115 silly audit   jsonpointer: [ '5.0.1' ],
115 silly audit   'jsx-ast-utils': [ '3.3.5' ],
115 silly audit   keyv: [ '4.5.4' ],
115 silly audit   'kind-of': [ '6.0.3' ],
115 silly audit   kleur: [ '3.0.3' ],
115 silly audit   klona: [ '2.0.6' ],
115 silly audit   'language-subtag-registry': [ '0.3.23' ],
115 silly audit   'language-tags': [ '1.0.9' ],
115 silly audit   'launch-editor': [ '2.9.1' ],
115 silly audit   leven: [ '3.1.0' ],
115 silly audit   levn: [ '0.4.1', '0.3.0' ],
115 silly audit   lilconfig: [ '2.1.0', '3.1.2' ],
115 silly audit   'lines-and-columns': [ '1.2.4' ],
115 silly audit   'load-script': [ '1.0.0' ],
115 silly audit   'loader-runner': [ '4.3.0' ],
115 silly audit   'loader-utils': [ '2.0.4', '3.3.1' ],
115 silly audit   lodash: [ '4.17.21' ],
115 silly audit   'lodash.debounce': [ '4.0.8' ],
115 silly audit   'lodash.memoize': [ '4.1.2' ],
115 silly audit   'lodash.merge': [ '4.6.2' ],
115 silly audit   'lodash.sortby': [ '4.7.0' ],
115 silly audit   'lodash.uniq': [ '4.5.0' ],
115 silly audit   'loose-envify': [ '1.4.0' ],
115 silly audit   'lower-case': [ '2.0.2' ],
115 silly audit   'lru-cache': [ '5.1.1', '10.4.3' ],
115 silly audit   'lz-string': [ '1.5.0' ],
115 silly audit   'm3u8-parser': [ '7.2.0' ],
115 silly audit   'magic-string': [ '0.25.9' ],
115 silly audit   makeerror: [ '1.0.12' ],
115 silly audit   'media-typer': [ '0.3.0' ],
115 silly audit   memfs: [ '3.5.3' ],
115 silly audit   'memoize-one': [ '5.2.1' ],
115 silly audit   'merge-descriptors': [ '1.0.3' ],
115 silly audit   'merge-stream': [ '2.0.0' ],
115 silly audit   merge2: [ '1.4.1' ],
115 silly audit   methods: [ '1.1.2' ],
115 silly audit   micromatch: [ '4.0.8' ],
115 silly audit   mime: [ '1.6.0' ],
115 silly audit   'mime-db': [ '1.52.0' ],
115 silly audit   'mime-types': [ '2.1.35' ],
115 silly audit   'mimic-fn': [ '2.1.0' ],
115 silly audit   'min-document': [ '2.19.0' ],
115 silly audit   'min-indent': [ '1.0.1' ],
115 silly audit   'mini-css-extract-plugin': [ '2.9.1' ],
115 silly audit   'minimalistic-assert': [ '1.0.1' ],
115 silly audit   minimist: [ '1.2.8' ],
115 silly audit   minipass: [ '7.1.2' ],
115 silly audit   mkdirp: [ '0.5.6' ],
115 silly audit   'mpd-parser': [ '1.3.1' ],
115 silly audit   'multicast-dns': [ '7.2.5' ],
115 silly audit   mz: [ '2.7.0' ],
115 silly audit   nanoid: [ '3.3.7' ],
115 silly audit   'natural-compare': [ '1.4.0' ],
115 silly audit   'natural-compare-lite': [ '1.4.0' ],
115 silly audit   negotiator: [ '0.6.3' ],
115 silly audit   'neo-async': [ '2.6.2' ],
115 silly audit   'no-case': [ '3.0.4' ],
115 silly audit   'node-forge': [ '1.3.1' ],
115 silly audit   'node-int64': [ '0.4.0' ],
115 silly audit   'node-releases': [ '2.0.18' ],
115 silly audit   'normalize-path': [ '3.0.0' ],
115 silly audit   'normalize-range': [ '0.1.2' ],
115 silly audit   'normalize-url': [ '6.1.0' ],
115 silly audit   'npm-run-path': [ '4.0.1' ],
115 silly audit   'nth-check': [ '2.1.1', '1.0.2' ],
115 silly audit   nwsapi: [ '2.2.13' ],
115 silly audit   'object-assign': [ '4.1.1' ],
115 silly audit   'object-hash': [ '3.0.0' ],
115 silly audit   'object-inspect': [ '1.13.2' ],
115 silly audit   'object-is': [ '1.1.6' ],
115 silly audit   'object-keys': [ '1.1.1' ],
115 silly audit   'object.assign': [ '4.1.5' ],
115 silly audit   'object.entries': [ '1.1.8' ],
115 silly audit   'object.fromentries': [ '2.0.8' ],
115 silly audit   'object.getownpropertydescriptors': [ '2.1.8' ],
115 silly audit   'object.groupby': [ '1.0.3' ],
115 silly audit   'object.values': [ '1.2.0' ],
115 silly audit   obuf: [ '1.1.2' ],
115 silly audit   'on-finished': [ '2.4.1' ],
115 silly audit   'on-headers': [ '1.0.2' ],
115 silly audit   once: [ '1.4.0' ],
115 silly audit   onetime: [ '5.1.2' ],
115 silly audit   open: [ '8.4.2' ],
115 silly audit   optionator: [ '0.9.4', '0.8.3' ],
115 silly audit   'p-retry': [ '4.6.2' ],
115 silly audit   'p-try': [ '2.2.0' ],
115 silly audit   'package-json-from-dist': [ '1.0.1' ],
115 silly audit   'param-case': [ '3.0.4' ],
115 silly audit   'parent-module': [ '1.0.1' ],
115 silly audit   'parse-json': [ '5.2.0' ],
115 silly audit   parse5: [ '6.0.1' ],
115 silly audit   parseurl: [ '1.3.3' ],
115 silly audit   'pascal-case': [ '3.1.2' ],
115 silly audit   'path-exists': [ '4.0.0', '3.0.0' ],
115 silly audit   'path-is-absolute': [ '1.0.1' ],
115 silly audit   'path-key': [ '3.1.1' ],
115 silly audit   'path-parse': [ '1.0.7' ],
115 silly audit   'path-scurry': [ '1.11.1' ],
115 silly audit   'path-to-regexp': [ '0.1.10' ],
115 silly audit   'path-type': [ '4.0.0' ],
115 silly audit   'performance-now': [ '2.1.0' ],
115 silly audit   picocolors: [ '1.1.1', '0.2.1' ],
115 silly audit   picomatch: [ '2.3.1' ],
115 silly audit   pify: [ '2.3.0' ],
115 silly audit   pirates: [ '4.0.6' ],
115 silly audit   pkcs7: [ '1.0.4' ],
115 silly audit   'pkg-dir': [ '4.2.0' ],
115 silly audit   'pkg-up': [ '3.1.0' ],
115 silly audit   'possible-typed-array-names': [ '1.0.0' ],
115 silly audit   postcss: [ '8.4.47', '7.0.39' ],
115 silly audit   'postcss-attribute-case-insensitive': [ '5.0.2' ],
115 silly audit   'postcss-browser-comments': [ '4.0.0' ],
115 silly audit   'postcss-calc': [ '8.2.4' ],
115 silly audit   'postcss-clamp': [ '4.1.0' ],
115 silly audit   'postcss-color-functional-notation': [ '4.2.4' ],
115 silly audit   'postcss-color-hex-alpha': [ '8.0.4' ],
115 silly audit   'postcss-color-rebeccapurple': [ '7.1.1' ],
115 silly audit   'postcss-colormin': [ '5.3.1' ],
115 silly audit   'postcss-convert-values': [ '5.1.3' ],
115 silly audit   'postcss-custom-media': [ '8.0.2' ],
115 silly audit   'postcss-custom-properties': [ '12.1.11' ],
115 silly audit   'postcss-custom-selectors': [ '6.0.3' ],
115 silly audit   'postcss-dir-pseudo-class': [ '6.0.5' ],
115 silly audit   'postcss-discard-comments': [ '5.1.2' ],
115 silly audit   'postcss-discard-duplicates': [ '5.1.0' ],
115 silly audit   'postcss-discard-empty': [ '5.1.1' ],
115 silly audit   'postcss-discard-overridden': [ '5.1.0' ],
115 silly audit   'postcss-double-position-gradients': [ '3.1.2' ],
115 silly audit   'postcss-env-function': [ '4.0.6' ],
115 silly audit   'postcss-flexbugs-fixes': [ '5.0.2' ],
115 silly audit   'postcss-focus-visible': [ '6.0.4' ],
115 silly audit   'postcss-focus-within': [ '5.0.4' ],
115 silly audit   'postcss-font-variant': [ '5.0.0' ],
115 silly audit   'postcss-gap-properties': [ '3.0.5' ],
115 silly audit   'postcss-image-set-function': [ '4.0.7' ],
115 silly audit   'postcss-import': [ '15.1.0' ],
115 silly audit   'postcss-initial': [ '4.0.1' ],
115 silly audit   'postcss-js': [ '4.0.1' ],
115 silly audit   'postcss-lab-function': [ '4.2.1' ],
115 silly audit   'postcss-load-config': [ '4.0.2' ],
115 silly audit   yaml: [ '2.6.0', '1.10.2' ],
115 silly audit   'postcss-loader': [ '6.2.1' ],
115 silly audit   'postcss-logical': [ '5.0.4' ],
115 silly audit   'postcss-media-minmax': [ '5.0.0' ],
115 silly audit   'postcss-merge-longhand': [ '5.1.7' ],
115 silly audit   'postcss-merge-rules': [ '5.1.4' ],
115 silly audit   'postcss-minify-font-values': [ '5.1.0' ],
115 silly audit   'postcss-minify-gradients': [ '5.1.1' ],
115 silly audit   'postcss-minify-params': [ '5.1.4' ],
115 silly audit   'postcss-minify-selectors': [ '5.2.1' ],
115 silly audit   'postcss-modules-extract-imports': [ '3.1.0' ],
115 silly audit   'postcss-modules-local-by-default': [ '4.0.5' ],
115 silly audit   'postcss-modules-scope': [ '3.2.0' ],
115 silly audit   'postcss-modules-values': [ '4.0.0' ],
115 silly audit   'postcss-nested': [ '6.2.0' ],
115 silly audit   'postcss-nesting': [ '10.2.0' ],
115 silly audit   'postcss-normalize': [ '10.0.1' ],
115 silly audit   'postcss-normalize-charset': [ '5.1.0' ],
115 silly audit   'postcss-normalize-display-values': [ '5.1.0' ],
115 silly audit   'postcss-normalize-positions': [ '5.1.1' ],
115 silly audit   'postcss-normalize-repeat-style': [ '5.1.1' ],
115 silly audit   'postcss-normalize-string': [ '5.1.0' ],
115 silly audit   'postcss-normalize-timing-functions': [ '5.1.0' ],
115 silly audit   'postcss-normalize-unicode': [ '5.1.1' ],
115 silly audit   'postcss-normalize-url': [ '5.1.0' ],
115 silly audit   'postcss-normalize-whitespace': [ '5.1.1' ],
115 silly audit   'postcss-opacity-percentage': [ '1.1.3' ],
115 silly audit   'postcss-ordered-values': [ '5.1.3' ],
115 silly audit   'postcss-overflow-shorthand': [ '3.0.4' ],
115 silly audit   'postcss-page-break': [ '3.0.4' ],
115 silly audit   'postcss-place': [ '7.0.5' ],
115 silly audit   'postcss-preset-env': [ '7.8.3' ],
115 silly audit   'postcss-pseudo-class-any-link': [ '7.1.6' ],
115 silly audit   'postcss-reduce-initial': [ '5.1.2' ],
115 silly audit   'postcss-reduce-transforms': [ '5.1.0' ],
115 silly audit   'postcss-replace-overflow-wrap': [ '4.0.0' ],
115 silly audit   'postcss-selector-not': [ '6.0.1' ],
115 silly audit   'postcss-selector-parser': [ '6.1.2' ],
115 silly audit   'postcss-svgo': [ '5.1.0' ],
115 silly audit   svgo: [ '2.8.0', '1.3.2' ],
115 silly audit   'postcss-unique-selectors': [ '5.1.1' ],
115 silly audit   'postcss-value-parser': [ '4.2.0' ],
115 silly audit   'prelude-ls': [ '1.2.1', '1.1.2' ],
115 silly audit   'pretty-bytes': [ '5.6.0' ],
115 silly audit   'pretty-error': [ '4.0.0' ],
115 silly audit   process: [ '0.11.10' ],
115 silly audit   'process-nextick-args': [ '2.0.1' ],
115 silly audit   promise: [ '8.3.0' ],
115 silly audit   prompts: [ '2.4.2' ],
115 silly audit   'prop-types': [ '15.8.1' ],
115 silly audit   'proxy-addr': [ '2.0.7' ],
115 silly audit   'proxy-from-env': [ '1.1.0' ],
115 silly audit   psl: [ '1.9.0' ],
115 silly audit   punycode: [ '2.3.1' ],
115 silly audit   q: [ '1.5.1' ],
115 silly audit   qs: [ '6.13.0' ],
115 silly audit   querystringify: [ '2.2.0' ],
115 silly audit   'queue-microtask': [ '1.2.3' ],
115 silly audit   raf: [ '3.4.1' ],
115 silly audit   randombytes: [ '2.1.0' ],
115 silly audit   'range-parser': [ '1.2.1' ],
115 silly audit   'raw-body': [ '2.5.2' ],
115 silly audit   react: [ '18.3.1' ],
115 silly audit   'react-app-polyfill': [ '3.0.0' ],
115 silly audit   'regenerator-runtime': [ '0.13.11', '0.14.1' ],
115 silly audit   'react-dev-utils': [ '12.0.1' ],
115 silly audit   'react-dom': [ '18.3.1' ],
115 silly audit   'react-error-overlay': [ '6.0.11' ],
115 silly audit   'react-fast-compare': [ '3.2.2' ],
115 silly audit   'react-player': [ '2.16.0' ],
115 silly audit   'react-refresh': [ '0.11.0' ],
115 silly audit   'react-router': [ '6.27.0' ],
115 silly audit   'react-router-dom': [ '6.27.0' ],
115 silly audit   'react-scripts': [ '5.0.1' ],
115 silly audit   'react-spinners': [ '0.14.1' ],
115 silly audit   'read-cache': [ '1.0.0' ],
115 silly audit   readdirp: [ '3.6.0' ],
115 silly audit   'recursive-readdir': [ '2.2.3' ],
115 silly audit   redent: [ '3.0.0' ],
115 silly audit   'reflect.getprototypeof': [ '1.0.6' ],
115 silly audit   regenerate: [ '1.4.2' ],
115 silly audit   'regenerate-unicode-properties': [ '10.2.0' ],
115 silly audit   'regenerator-transform': [ '0.15.2' ],
115 silly audit   'regex-parser': [ '2.3.0' ],
115 silly audit   'regexp.prototype.flags': [ '1.5.3' ],
115 silly audit   'regexpu-core': [ '6.1.1' ],
115 silly audit   regjsgen: [ '0.8.0' ],
115 silly audit   regjsparser: [ '0.11.1' ],
115 silly audit   relateurl: [ '0.2.7' ],
115 silly audit   renderkid: [ '3.0.0' ],
115 silly audit   'require-directory': [ '2.1.1' ],
115 silly audit   'require-from-string': [ '2.0.2' ],
115 silly audit   'requires-port': [ '1.0.0' ],
115 silly audit   'resolve-cwd': [ '3.0.0' ],
115 silly audit   'resolve-url-loader': [ '4.0.0' ],
115 silly audit   'resolve.exports': [ '1.1.1' ],
115 silly audit   retry: [ '0.13.1' ],
115 silly audit   reusify: [ '1.0.4' ],
115 silly audit   rimraf: [ '3.0.2' ],
115 silly audit   rollup: [ '2.79.2' ],
115 silly audit   'rollup-plugin-terser': [ '7.0.2' ],
115 silly audit   'serialize-javascript': [ '4.0.0', '6.0.2' ],
115 silly audit   'run-parallel': [ '1.2.0' ],
115 silly audit   'safe-array-concat': [ '1.1.2' ],
115 silly audit   'safe-regex-test': [ '1.0.3' ],
115 silly audit   'safer-buffer': [ '2.1.2' ],
115 silly audit   'sanitize.css': [ '13.0.0' ],
115 silly audit   'sass-loader': [ '12.6.0' ],
115 silly audit   sax: [ '1.2.4' ],
115 silly audit   saxes: [ '5.0.1' ],
115 silly audit   scheduler: [ '0.23.2' ],
115 silly audit   'select-hose': [ '2.0.0' ],
115 silly audit   selfsigned: [ '2.4.1' ],
115 silly audit   send: [ '0.19.0' ],
115 silly audit   'serve-index': [ '1.9.1' ],
115 silly audit   setprototypeof: [ '1.1.0', '1.2.0' ],
115 silly audit   statuses: [ '1.5.0', '2.0.1' ],
115 silly audit   'serve-static': [ '1.16.2' ],
115 silly audit   'set-function-length': [ '1.2.2' ],
115 silly audit   'set-function-name': [ '2.0.2' ],
115 silly audit   'shebang-command': [ '2.0.0' ],
115 silly audit   'shebang-regex': [ '3.0.0' ],
115 silly audit   'shell-quote': [ '1.8.1' ],
115 silly audit   'side-channel': [ '1.0.6' ],
115 silly audit   sisteransi: [ '1.0.5' ],
115 silly audit   sockjs: [ '0.3.24' ],
115 silly audit   'source-list-map': [ '2.0.1' ],
115 silly audit   'source-map-js': [ '1.2.1' ],
115 silly audit   'source-map-loader': [ '3.0.2' ],
115 silly audit   'source-map-support': [ '0.5.21' ],
115 silly audit   'sourcemap-codec': [ '1.4.8' ],
115 silly audit   spdy: [ '4.0.2' ],
115 silly audit   'spdy-transport': [ '3.0.0' ],
115 silly audit   'sprintf-js': [ '1.0.3' ],
115 silly audit   stable: [ '0.1.8' ],
115 silly audit   'stack-utils': [ '2.0.6' ],
115 silly audit   stackframe: [ '1.3.4' ],
115 silly audit   'static-eval': [ '2.0.2' ],
115 silly audit   'type-check': [ '0.3.2', '0.4.0' ],
115 silly audit   'stop-iteration-iterator': [ '1.0.0' ],
115 silly audit   'string-natural-compare': [ '3.0.1' ],
115 silly audit   'string.prototype.includes': [ '2.0.1' ],
115 silly audit   'string.prototype.matchall': [ '4.0.11' ],
115 silly audit   'string.prototype.repeat': [ '1.0.0' ],
115 silly audit   'string.prototype.trim': [ '1.2.9' ],
115 silly audit   'string.prototype.trimend': [ '1.0.8' ],
115 silly audit   'string.prototype.trimstart': [ '1.0.8' ],
115 silly audit   'stringify-object': [ '3.3.0' ],
115 silly audit   'strip-bom': [ '4.0.0', '3.0.0' ],
115 silly audit   'strip-comments': [ '2.0.1' ],
115 silly audit   'strip-final-newline': [ '2.0.0' ],
115 silly audit   'strip-indent': [ '3.0.0' ],
115 silly audit   'strip-json-comments': [ '3.1.1' ],
115 silly audit   'style-loader': [ '3.3.4' ],
115 silly audit   stylehacks: [ '5.1.1' ],
115 silly audit   sucrase: [ '3.35.0' ],
115 silly audit   'supports-hyperlinks': [ '2.3.0' ],
115 silly audit   'supports-preserve-symlinks-flag': [ '1.0.0' ],
115 silly audit   'svg-parser': [ '2.0.4' ],
115 silly audit   'symbol-tree': [ '3.2.4' ],
115 silly audit   tailwindcss: [ '3.4.14' ],
115 silly audit   'temp-dir': [ '2.0.0' ],
115 silly audit   tempy: [ '0.6.0' ],
115 silly audit   'terminal-link': [ '2.1.1' ],
115 silly audit   terser: [ '5.36.0' ],
115 silly audit   'terser-webpack-plugin': [ '5.3.10' ],
115 silly audit   'test-exclude': [ '6.0.0' ],
115 silly audit   'text-table': [ '0.2.0' ],
115 silly audit   thenify: [ '3.3.1' ],
115 silly audit   'thenify-all': [ '1.6.0' ],
115 silly audit   throat: [ '6.0.2' ],
115 silly audit   thunky: [ '1.1.0' ],
115 silly audit   tmpl: [ '1.0.5' ],
115 silly audit   'to-fast-properties': [ '2.0.0' ],
115 silly audit   'to-regex-range': [ '5.0.1' ],
115 silly audit   toidentifier: [ '1.0.1' ],
115 silly audit   'tough-cookie': [ '4.1.4' ],
115 silly audit   universalify: [ '0.2.0', '2.0.1' ],
115 silly audit   tr46: [ '2.1.0', '1.0.1' ],
115 silly audit   tryer: [ '1.0.1' ],
115 silly audit   'ts-interface-checker': [ '0.1.13' ],
115 silly audit   'tsconfig-paths': [ '3.15.0' ],
115 silly audit   tslib: [ '2.8.0', '1.14.1' ],
115 silly audit   tsutils: [ '3.21.0' ],
115 silly audit   'type-detect': [ '4.0.8' ],
115 silly audit   'type-is': [ '1.6.18' ],
115 silly audit   'typed-array-buffer': [ '1.0.2' ],
115 silly audit   'typed-array-byte-length': [ '1.0.1' ],
115 silly audit   'typed-array-byte-offset': [ '1.0.2' ],
115 silly audit   'typed-array-length': [ '1.0.6' ],
115 silly audit   'typedarray-to-buffer': [ '3.1.5' ],
115 silly audit   'unbox-primitive': [ '1.0.2' ],
115 silly audit   underscore: [ '1.12.1' ],
115 silly audit   'undici-types': [ '6.19.8' ],
115 silly audit   'unicode-canonical-property-names-ecmascript': [ '2.0.1' ],
115 silly audit   'unicode-match-property-ecmascript': [ '2.0.0' ],
115 silly audit   'unicode-match-property-value-ecmascript': [ '2.2.0' ],
115 silly audit   'unicode-property-aliases-ecmascript': [ '2.1.0' ],
115 silly audit   'unique-string': [ '2.0.0' ],
115 silly audit   unpipe: [ '1.0.0' ],
115 silly audit   unquote: [ '1.1.1' ],
115 silly audit   upath: [ '1.2.0' ],
115 silly audit   'update-browserslist-db': [ '1.1.1' ],
115 silly audit   'uri-js': [ '4.4.1' ],
115 silly audit   'url-parse': [ '1.5.10' ],
115 silly audit   'util-deprecate': [ '1.0.2' ],
115 silly audit   'util.promisify': [ '1.0.1' ],
115 silly audit   utila: [ '0.4.0' ],
115 silly audit   'utils-merge': [ '1.0.1' ],
115 silly audit   uuid: [ '8.3.2' ],
115 silly audit   'v8-to-istanbul': [ '8.1.1' ],
115 silly audit   vary: [ '1.1.2' ],
115 silly audit   'video.js': [ '8.18.1' ],
115 silly audit   'videojs-contrib-quality-levels': [ '4.1.0' ],
115 silly audit   'videojs-font': [ '4.2.0' ],
115 silly audit   'videojs-vtt.js': [ '0.15.5' ],
115 silly audit   'w3c-hr-time': [ '1.0.2' ],
115 silly audit   'w3c-xmlserializer': [ '2.0.0' ],
115 silly audit   walker: [ '1.0.8' ],
115 silly audit   watchpack: [ '2.4.2' ],
115 silly audit   wbuf: [ '1.7.3' ],
115 silly audit   'web-vitals': [ '2.1.4' ],
115 silly audit   webpack: [ '5.95.0' ],
115 silly audit   'webpack-dev-middleware': [ '5.3.4' ],
115 silly audit   'webpack-dev-server': [ '4.15.2' ],
115 silly audit   ws: [ '8.18.0', '7.5.10' ],
115 silly audit   'webpack-manifest-plugin': [ '4.1.1' ],
115 silly audit   'webpack-sources': [ '2.3.1', '3.2.3', '1.4.3' ],
115 silly audit   'websocket-driver': [ '0.7.4' ],
115 silly audit   'websocket-extensions': [ '0.1.4' ],
115 silly audit   'whatwg-encoding': [ '1.0.5' ],
115 silly audit   'whatwg-fetch': [ '3.6.20' ],
115 silly audit   'whatwg-mimetype': [ '2.3.0' ],
115 silly audit   'whatwg-url': [ '8.7.0', '7.1.0' ],
115 silly audit   'which-boxed-primitive': [ '1.0.2' ],
115 silly audit   'which-builtin-type': [ '1.1.4' ],
115 silly audit   'which-collection': [ '1.0.2' ],
115 silly audit   'which-typed-array': [ '1.1.15' ],
115 silly audit   'word-wrap': [ '1.2.5' ],
115 silly audit   'workbox-background-sync': [ '6.6.0' ],
115 silly audit   'workbox-broadcast-update': [ '6.6.0' ],
115 silly audit   'workbox-build': [ '6.6.0' ],
115 silly audit   'workbox-cacheable-response': [ '6.6.0' ],
115 silly audit   'workbox-core': [ '6.6.0' ],
115 silly audit   'workbox-expiration': [ '6.6.0' ],
115 silly audit   'workbox-google-analytics': [ '6.6.0' ],
115 silly audit   'workbox-navigation-preload': [ '6.6.0' ],
115 silly audit   'workbox-precaching': [ '6.6.0' ],
115 silly audit   'workbox-range-requests': [ '6.6.0' ],
115 silly audit   'workbox-recipes': [ '6.6.0' ],
115 silly audit   'workbox-routing': [ '6.6.0' ],
115 silly audit   'workbox-strategies': [ '6.6.0' ],
115 silly audit   'workbox-streams': [ '6.6.0' ],
115 silly audit   'workbox-sw': [ '6.6.0' ],
115 silly audit   'workbox-webpack-plugin': [ '6.6.0' ],
115 silly audit   'workbox-window': [ '6.6.0' ],
115 silly audit   wrappy: [ '1.0.2' ],
115 silly audit   'write-file-atomic': [ '3.0.3' ],
115 silly audit   'xml-name-validator': [ '3.0.0' ],
115 silly audit   xmlchars: [ '2.2.0' ],
115 silly audit   y18n: [ '5.0.8' ],
115 silly audit   yallist: [ '3.1.1' ],
115 silly audit   yargs: [ '16.2.0' ],
115 silly audit   'yargs-parser': [ '20.2.9' ],
115 silly audit   'yocto-queue': [ '0.1.0' ],
115 silly audit   '@emotion/react': [ '11.13.3' ],
115 silly audit   '@emotion/styled': [ '11.13.0' ],
115 silly audit   '@mui/material': [ '6.1.5' ],
115 silly audit   '@emotion/babel-plugin': [ '11.12.0' ],
115 silly audit   '@emotion/cache': [ '11.13.1' ],
115 silly audit   '@emotion/serialize': [ '1.3.2' ],
115 silly audit   '@emotion/use-insertion-effect-with-fallbacks': [ '1.1.0' ],
115 silly audit   '@emotion/utils': [ '1.4.1' ],
115 silly audit   '@emotion/weak-memoize': [ '0.4.0' ],
115 silly audit   'hoist-non-react-statics': [ '3.3.2' ],
115 silly audit   '@emotion/hash': [ '0.9.2' ],
115 silly audit   '@emotion/memoize': [ '0.9.0' ],
115 silly audit   'find-root': [ '1.1.0' ],
115 silly audit   stylis: [ '4.2.0' ],
115 silly audit   '@emotion/sheet': [ '1.4.0' ],
115 silly audit   '@emotion/unitless': [ '0.10.0' ],
115 silly audit   '@emotion/is-prop-valid': [ '1.3.1' ],
115 silly audit   '@mui/core-downloads-tracker': [ '6.1.5' ],
115 silly audit   '@mui/system': [ '6.1.5' ],
115 silly audit   '@mui/types': [ '7.2.18' ],
115 silly audit   '@mui/utils': [ '6.1.5' ],
115 silly audit   '@popperjs/core': [ '2.11.8' ],
115 silly audit   '@types/react-transition-group': [ '4.4.11' ],
115 silly audit   clsx: [ '2.1.1' ],
115 silly audit   'react-transition-group': [ '4.4.5' ],
115 silly audit   '@mui/private-theming': [ '6.1.5' ],
115 silly audit   '@mui/styled-engine': [ '6.1.5' ],
115 silly audit   'dom-helpers': [ '5.2.1' ]
115 silly audit }
116 verbose reify failed optional dependency C:\Users\ihebc\OneDrive\Desktop\psy\drpsy\node_modules\fsevents
117 silly reify mark deleted [
117 silly reify   'C:\\Users\\ihebc\\OneDrive\\Desktop\\psy\\drpsy\\node_modules\\fsevents'
117 silly reify ]
118 silly tarball no local data for dom-helpers@https://registry.npmjs.org/dom-helpers/-/dom-helpers-5.2.1.tgz. Extracting by manifest.
119 silly tarball no local data for react-transition-group@https://registry.npmjs.org/react-transition-group/-/react-transition-group-4.4.5.tgz. Extracting by manifest.
120 silly tarball no local data for @mui/styled-engine@https://registry.npmjs.org/@mui/styled-engine/-/styled-engine-6.1.5.tgz. Extracting by manifest.
121 silly tarball no local data for @mui/private-theming@https://registry.npmjs.org/@mui/private-theming/-/private-theming-6.1.5.tgz. Extracting by manifest.
122 silly tarball no local data for clsx@https://registry.npmjs.org/clsx/-/clsx-2.1.1.tgz. Extracting by manifest.
123 silly tarball no local data for @popperjs/core@https://registry.npmjs.org/@popperjs/core/-/core-2.11.8.tgz. Extracting by manifest.
124 silly tarball no local data for @mui/utils@https://registry.npmjs.org/@mui/utils/-/utils-6.1.5.tgz. Extracting by manifest.
125 silly tarball no local data for @types/react-transition-group@https://registry.npmjs.org/@types/react-transition-group/-/react-transition-group-4.4.11.tgz. Extracting by manifest.
126 silly tarball no local data for @mui/types@https://registry.npmjs.org/@mui/types/-/types-7.2.18.tgz. Extracting by manifest.
127 silly tarball no local data for @emotion/is-prop-valid@https://registry.npmjs.org/@emotion/is-prop-valid/-/is-prop-valid-1.3.1.tgz. Extracting by manifest.
128 silly tarball no local data for @mui/core-downloads-tracker@https://registry.npmjs.org/@mui/core-downloads-tracker/-/core-downloads-tracker-6.1.5.tgz. Extracting by manifest.
129 silly tarball no local data for @emotion/unitless@https://registry.npmjs.org/@emotion/unitless/-/unitless-0.10.0.tgz. Extracting by manifest.
130 silly tarball no local data for @emotion/sheet@https://registry.npmjs.org/@emotion/sheet/-/sheet-1.4.0.tgz. Extracting by manifest.
131 silly tarball no local data for @mui/system@https://registry.npmjs.org/@mui/system/-/system-6.1.5.tgz. Extracting by manifest.
132 silly tarball no local data for stylis@https://registry.npmjs.org/stylis/-/stylis-4.2.0.tgz. Extracting by manifest.
133 silly tarball no local data for find-root@https://registry.npmjs.org/find-root/-/find-root-1.1.0.tgz. Extracting by manifest.
134 silly tarball no local data for @emotion/memoize@https://registry.npmjs.org/@emotion/memoize/-/memoize-0.9.0.tgz. Extracting by manifest.
135 silly tarball no local data for hoist-non-react-statics@https://registry.npmjs.org/hoist-non-react-statics/-/hoist-non-react-statics-3.3.2.tgz. Extracting by manifest.
136 silly tarball no local data for @emotion/hash@https://registry.npmjs.org/@emotion/hash/-/hash-0.9.2.tgz. Extracting by manifest.
137 silly tarball no local data for @emotion/weak-memoize@https://registry.npmjs.org/@emotion/weak-memoize/-/weak-memoize-0.4.0.tgz. Extracting by manifest.
138 silly tarball no local data for @emotion/utils@https://registry.npmjs.org/@emotion/utils/-/utils-1.4.1.tgz. Extracting by manifest.
139 silly tarball no local data for @emotion/use-insertion-effect-with-fallbacks@https://registry.npmjs.org/@emotion/use-insertion-effect-with-fallbacks/-/use-insertion-effect-with-fallbacks-1.1.0.tgz. Extracting by manifest.
140 silly tarball no local data for @emotion/serialize@https://registry.npmjs.org/@emotion/serialize/-/serialize-1.3.2.tgz. Extracting by manifest.
141 silly tarball no local data for @emotion/cache@https://registry.npmjs.org/@emotion/cache/-/cache-11.13.1.tgz. Extracting by manifest.
142 silly tarball no local data for @emotion/babel-plugin@https://registry.npmjs.org/@emotion/babel-plugin/-/babel-plugin-11.12.0.tgz. Extracting by manifest.
143 silly tarball no local data for @mui/material@https://registry.npmjs.org/@mui/material/-/material-6.1.5.tgz. Extracting by manifest.
144 silly tarball no local data for @emotion/styled@https://registry.npmjs.org/@emotion/styled/-/styled-11.13.0.tgz. Extracting by manifest.
145 silly tarball no local data for @emotion/react@https://registry.npmjs.org/@emotion/react/-/react-11.13.3.tgz. Extracting by manifest.
146 silly tarball no local data for source-map@https://registry.npmjs.org/source-map/-/source-map-0.5.7.tgz. Extracting by manifest.
147 http fetch GET 200 https://registry.npmjs.org/clsx/-/clsx-2.1.1.tgz 158ms (cache miss)
148 http fetch GET 200 https://registry.npmjs.org/stylis/-/stylis-4.2.0.tgz 222ms (cache miss)
149 http fetch GET 200 https://registry.npmjs.org/@mui/styled-engine/-/styled-engine-6.1.5.tgz 268ms (cache miss)
150 http fetch POST 200 https://registry.npmjs.org/-/npm/v1/security/advisories/bulk 300ms
151 silly audit report {
151 silly audit report   'nth-check': [
151 silly audit report     {
151 silly audit report       id: 1095141,
151 silly audit report       url: 'https://github.com/advisories/GHSA-rp65-9cf3-cjxr',
151 silly audit report       title: 'Inefficient Regular Expression Complexity in nth-check',
151 silly audit report       severity: 'high',
151 silly audit report       vulnerable_versions: '<2.0.1',
151 silly audit report       cwe: [Array],
151 silly audit report       cvss: [Object]
151 silly audit report     }
151 silly audit report   ],
151 silly audit report   postcss: [
151 silly audit report     {
151 silly audit report       id: 1094544,
151 silly audit report       url: 'https://github.com/advisories/GHSA-7fh5-64p2-3v2j',
151 silly audit report       title: 'PostCSS line return parsing error',
151 silly audit report       severity: 'moderate',
151 silly audit report       vulnerable_versions: '<8.4.31',
151 silly audit report       cwe: [Array],
151 silly audit report       cvss: [Object]
151 silly audit report     }
151 silly audit report   ]
151 silly audit report }
152 http fetch GET 200 https://registry.npmjs.org/@mui/private-theming/-/private-theming-6.1.5.tgz 283ms (cache miss)
153 http fetch GET 200 https://registry.npmjs.org/find-root/-/find-root-1.1.0.tgz 299ms (cache miss)
154 http fetch GET 200 https://registry.npmjs.org/react-transition-group/-/react-transition-group-4.4.5.tgz 327ms (cache miss)
155 http fetch GET 200 https://registry.npmjs.org/@emotion/memoize/-/memoize-0.9.0.tgz 405ms (cache miss)
156 http fetch GET 200 https://registry.npmjs.org/@emotion/weak-memoize/-/weak-memoize-0.4.0.tgz 404ms (cache miss)
157 http fetch GET 200 https://registry.npmjs.org/@emotion/utils/-/utils-1.4.1.tgz 407ms (cache miss)
158 http fetch GET 200 https://registry.npmjs.org/hoist-non-react-statics/-/hoist-non-react-statics-3.3.2.tgz 427ms (cache miss)
159 http fetch GET 200 https://registry.npmjs.org/@emotion/use-insertion-effect-with-fallbacks/-/use-insertion-effect-with-fallbacks-1.1.0.tgz 446ms (cache miss)
160 http fetch GET 200 https://registry.npmjs.org/@emotion/hash/-/hash-0.9.2.tgz 500ms (cache miss)
161 http fetch GET 200 https://registry.npmjs.org/@mui/types/-/types-7.2.18.tgz 512ms (cache miss)
162 http fetch GET 200 https://registry.npmjs.org/@emotion/is-prop-valid/-/is-prop-valid-1.3.1.tgz 522ms (cache miss)
163 http fetch GET 200 https://registry.npmjs.org/@types/react-transition-group/-/react-transition-group-4.4.11.tgz 536ms (cache miss)
164 http fetch GET 200 https://registry.npmjs.org/@mui/core-downloads-tracker/-/core-downloads-tracker-6.1.5.tgz 624ms (cache miss)
165 http fetch GET 200 https://registry.npmjs.org/@emotion/serialize/-/serialize-1.3.2.tgz 659ms (cache miss)
166 http fetch GET 200 https://registry.npmjs.org/postcss 460ms (cache revalidated)
167 http fetch GET 200 https://registry.npmjs.org/@emotion/unitless/-/unitless-0.10.0.tgz 782ms (cache miss)
168 http fetch GET 200 https://registry.npmjs.org/@emotion/cache/-/cache-11.13.1.tgz 775ms (cache miss)
169 http fetch GET 200 https://registry.npmjs.org/@emotion/sheet/-/sheet-1.4.0.tgz 784ms (cache miss)
170 http fetch GET 200 https://registry.npmjs.org/@emotion/babel-plugin/-/babel-plugin-11.12.0.tgz 814ms (cache miss)
171 http fetch GET 200 https://registry.npmjs.org/source-map/-/source-map-0.5.7.tgz 925ms (cache miss)
172 http fetch GET 200 https://registry.npmjs.org/@emotion/styled/-/styled-11.13.0.tgz 1013ms (cache miss)
173 http fetch GET 200 https://registry.npmjs.org/nth-check 791ms (cache revalidated)
174 http fetch GET 200 https://registry.npmjs.org/dom-helpers/-/dom-helpers-5.2.1.tgz 1105ms (cache miss)
175 http fetch GET 200 https://registry.npmjs.org/@popperjs/core/-/core-2.11.8.tgz 1209ms (cache miss)
176 http fetch GET 200 https://registry.npmjs.org/css-select 255ms (cache revalidated)
177 http fetch GET 200 https://registry.npmjs.org/resolve-url-loader 96ms (cache revalidated)
178 http fetch GET 200 https://registry.npmjs.org/svgo 88ms (cache revalidated)
179 http fetch GET 200 https://registry.npmjs.org/react-scripts 87ms (cache revalidated)
180 http fetch GET 200 https://registry.npmjs.org/@mui/utils/-/utils-6.1.5.tgz 1717ms (cache miss)
181 http fetch GET 200 https://registry.npmjs.org/@mui/system/-/system-6.1.5.tgz 1749ms (cache miss)
182 http fetch GET 200 https://registry.npmjs.org/@svgr%2fplugin-svgo 192ms (cache revalidated)
183 http fetch GET 200 https://registry.npmjs.org/@svgr%2fwebpack 196ms (cache revalidated)
184 http fetch GET 200 https://registry.npmjs.org/@emotion/react/-/react-11.13.3.tgz 2090ms (cache miss)
185 http fetch GET 200 https://registry.npmjs.org/@mui/material/-/material-6.1.5.tgz 4956ms (cache miss)
186 silly ADD node_modules/dom-helpers
187 silly ADD node_modules/@mui/styled-engine
188 silly ADD node_modules/@mui/private-theming
189 silly ADD node_modules/react-transition-group
190 silly ADD node_modules/clsx
191 silly ADD node_modules/@types/react-transition-group
192 silly ADD node_modules/@popperjs/core
193 silly ADD node_modules/@mui/utils
194 silly ADD node_modules/@mui/utils/node_modules/react-is
195 silly ADD node_modules/@mui/types
196 silly ADD node_modules/@mui/system
197 silly ADD node_modules/@mui/core-downloads-tracker
198 silly ADD node_modules/@emotion/is-prop-valid
199 silly ADD node_modules/@emotion/unitless
200 silly ADD node_modules/@emotion/sheet
201 silly ADD node_modules/stylis
202 silly ADD node_modules/find-root
203 silly ADD node_modules/@emotion/memoize
204 silly ADD node_modules/@emotion/hash
205 silly ADD node_modules/hoist-non-react-statics
206 silly ADD node_modules/hoist-non-react-statics/node_modules/react-is
207 silly ADD node_modules/@emotion/weak-memoize
208 silly ADD node_modules/@emotion/utils
209 silly ADD node_modules/@emotion/use-insertion-effect-with-fallbacks
210 silly ADD node_modules/@emotion/serialize
211 silly ADD node_modules/@emotion/cache
212 silly ADD node_modules/@emotion/babel-plugin
213 silly ADD node_modules/@emotion/babel-plugin/node_modules/source-map
214 silly ADD node_modules/@emotion/babel-plugin/node_modules/convert-source-map
215 silly ADD node_modules/@mui/material
216 silly ADD node_modules/@mui/material/node_modules/react-is
217 silly ADD node_modules/@emotion/styled
218 silly ADD node_modules/@emotion/react
219 silly ADD
220 verbose exit 0
221 info ok
